[ 2018-07-23T10:17:29+08:00 ] 219.137.72.164 /Application/Admin/Uploads/
INFO: [ app_init ] --START--
INFO: Run Behavior\BuildLiteBehavior [ RunTime:0.000018s ]
INFO: [ app_init ] --END-- [ RunTime:0.000354s ]
ERR: 无法加载模块:Errpage

[ 2018-07-23T10:17:29+08:00 ] 219.137.72.164 /Application/Admin/Uploads/upadvert_showNum/5a60687949a9a.jpg
INFO: [ app_init ] --START--
INFO: Run Behavior\BuildLiteBehavior [ RunTime:0.000015s ]
INFO: [ app_init ] --END-- [ RunTime:0.000371s ]
ERR: 无法加载模块:Application

[ 2018-07-23T10:17:29+08:00 ] 219.137.72.164 /Application/Admin/Uploads/upadvert_showNum/5a60688de67e3.jpg
INFO: [ app_init ] --START--
INFO: Run Behavior\BuildLiteBehavior [ RunTime:0.000014s ]
INFO: [ app_init ] --END-- [ RunTime:0.000348s ]
ERR: 无法加载模块:Application

[ 2018-07-23T10:17:30+08:00 ] 219.137.72.164 /Application/Admin/Uploads/upadvert_showNum/5a683c79013ee.jpg
INFO: [ app_init ] --START--
INFO: Run Behavior\BuildLiteBehavior [ RunTime:0.000014s ]
INFO: [ app_init ] --END-- [ RunTime:0.000319s ]
ERR: 无法加载模块:Application

[ 2018-07-23T10:17:30+08:00 ] 219.137.72.164 /Application/Admin/Uploads/upadvert_shu/5a618e2bb5aa5.jpg
INFO: [ app_init ] --START--
INFO: Run Behavior\BuildLiteBehavior [ RunTime:0.000016s ]
INFO: [ app_init ] --END-- [ RunTime:0.004455s ]
ERR: 无法加载模块:Application

[ 2018-07-23T10:17:30+08:00 ] 219.137.72.164 /Application/Admin/Uploads/upadvert_showNum/5a683c27ca489.png
INFO: [ app_init ] --START--
INFO: Run Behavior\BuildLiteBehavior [ RunTime:0.000015s ]
INFO: [ app_init ] --END-- [ RunTime:0.000339s ]
ERR: 无法加载模块:Application

[ 2018-07-23T10:17:30+08:00 ] 219.137.72.164 /Application/Admin/Uploads/upadvert_shu/5a618e357b6a6.jpg
INFO: [ app_init ] --START--
INFO: Run Behavior\BuildLiteBehavior [ RunTime:0.000019s ]
INFO: [ app_init ] --END-- [ RunTime:0.000356s ]
ERR: 无法加载模块:Application

[ 2018-07-23T10:17:31+08:00 ] 219.137.72.164 /Application/Admin/Uploads/upfoodimg/5a1fa5b911f2e.jpg
INFO: [ app_init ] --START--
INFO: Run Behavior\BuildLiteBehavior [ RunTime:0.000024s ]
INFO: [ app_init ] --END-- [ RunTime:0.000743s ]
ERR: 无法加载模块:Application

[ 2018-07-23T10:17:31+08:00 ] 219.137.72.164 /Public/images/defaultFoodCate1.png
INFO: [ app_init ] --START--
INFO: Run Behavior\BuildLiteBehavior [ RunTime:0.000016s ]
INFO: [ app_init ] --END-- [ RunTime:0.000466s ]
ERR: 无法加载模块:Public

[ 2018-07-23T10:17:34+08:00 ] 219.137.72.164 /Application/Admin/Uploads/upfoodimg/5a1fa5b911f2e.jpg
INFO: [ app_init ] --START--
INFO: Run Behavior\BuildLiteBehavior [ RunTime:0.000018s ]
INFO: [ app_init ] --END-- [ RunTime:0.000353s ]
ERR: 无法加载模块:Application

[ 2018-07-23T10:17:34+08:00 ] 219.137.72.164 /Public/images/defaultFoodCate1.png
INFO: [ app_init ] --START--
INFO: Run Behavior\BuildLiteBehavior [ RunTime:0.000020s ]
INFO: [ app_init ] --END-- [ RunTime:0.000335s ]
ERR: 无法加载模块:Public

[ 2018-07-23T10:17:38+08:00 ] 219.137.72.164 /Public/images/defaultFoodCate1.png
INFO: [ app_init ] --START--
INFO: Run Behavior\BuildLiteBehavior [ RunTime:0.000017s ]
INFO: [ app_init ] --END-- [ RunTime:0.000353s ]
ERR: 无法加载模块:Public

[ 2018-07-23T10:17:38+08:00 ] 219.137.72.164 /Application/Admin/Uploads/upfoodimg/5a1fa5b911f2e.jpg
INFO: [ app_init ] --START--
INFO: Run Behavior\BuildLiteBehavior [ RunTime:0.000016s ]
INFO: [ app_init ] --END-- [ RunTime:0.000343s ]
ERR: 无法加载模块:Application

[ 2018-07-23T10:17:49+08:00 ] 219.137.72.164 /Application/Admin/Uploads/upfoodimg/5a1fa5c8ebda9.png
INFO: [ app_init ] --START--
INFO: Run Behavior\BuildLiteBehavior [ RunTime:0.000016s ]
INFO: [ app_init ] --END-- [ RunTime:0.000324s ]
ERR: 无法加载模块:Application

[ 2018-07-23T10:17:50+08:00 ] 219.137.72.164 /Application/Admin/Uploads/upfoodimg/5a1fa5d02c36d.jpg
INFO: [ app_init ] --START--
INFO: Run Behavior\BuildLiteBehavior [ RunTime:0.000021s ]
INFO: [ app_init ] --END-- [ RunTime:0.009759s ]
ERR: 无法加载模块:Application

[ 2018-07-23T10:17:50+08:00 ] 219.137.72.164 /Application/Admin/Uploads/upfoodimg/5a1fa677b7337.jpg
INFO: [ app_init ] --START--
INFO: Run Behavior\BuildLiteBehavior [ RunTime:0.000015s ]
INFO: [ app_init ] --END-- [ RunTime:0.000327s ]
ERR: 无法加载模块:Application

[ 2018-07-23T10:17:50+08:00 ] 219.137.72.164 /Application/Admin/Uploads/upfoodimg/5a1fa67dedeb7.jpg
INFO: [ app_init ] --START--
INFO: Run Behavior\BuildLiteBehavior [ RunTime:0.000019s ]
INFO: [ app_init ] --END-- [ RunTime:0.000509s ]
ERR: 无法加载模块:Application

[ 2018-07-23T10:17:51+08:00 ] 219.137.72.164 /Application/Admin/Uploads/upfoodimg/5a1fa617aca23.png
INFO: [ app_init ] --START--
INFO: Run Behavior\BuildLiteBehavior [ RunTime:0.000016s ]
INFO: [ app_init ] --END-- [ RunTime:0.000465s ]
ERR: 无法加载模块:Application

[ 2018-07-23T10:17:51+08:00 ] 219.137.72.164 /Application/Admin/Uploads/upfoodimg/5a1fa6116e729.png
INFO: [ app_init ] --START--
INFO: Run Behavior\BuildLiteBehavior [ RunTime:0.000017s ]
INFO: [ app_init ] --END-- [ RunTime:0.000341s ]
ERR: 无法加载模块:Application

[ 2018-07-23T10:17:51+08:00 ] 219.137.72.164 /Application/Admin/Uploads/upfoodimg/5a1fa5d02c36d.jpg
INFO: [ app_init ] --START--
INFO: Run Behavior\BuildLiteBehavior [ RunTime:0.000014s ]
INFO: [ app_init ] --END-- [ RunTime:0.000371s ]
ERR: 无法加载模块:Application

[ 2018-07-23T10:17:51+08:00 ] 219.137.72.164 /Application/Admin/Uploads/upfoodimg/5a1fa5c8ebda9.png
INFO: [ app_init ] --START--
INFO: Run Behavior\BuildLiteBehavior [ RunTime:0.000015s ]
INFO: [ app_init ] --END-- [ RunTime:0.000333s ]
ERR: 无法加载模块:Application

[ 2018-07-23T10:17:52+08:00 ] 219.137.72.164 /Application/Admin/Uploads/upfoodimg/5a1fa63b87c55.jpg
INFO: [ app_init ] --START--
INFO: Run Behavior\BuildLiteBehavior [ RunTime:0.000015s ]
INFO: [ app_init ] --END-- [ RunTime:0.000340s ]
ERR: 无法加载模块:Application

[ 2018-07-23T10:17:52+08:00 ] 219.137.72.164 /Application/Admin/Uploads/upfoodimg/5a1fa6258ed2d.jpg
INFO: [ app_init ] --START--
INFO: Run Behavior\BuildLiteBehavior [ RunTime:0.000022s ]
INFO: [ app_init ] --END-- [ RunTime:0.000563s ]
ERR: 无法加载模块:Application

[ 2018-07-23T10:17:52+08:00 ] 219.137.72.164 /Application/Admin/Uploads/upfoodimg/5a1fa633ec0f4.png
INFO: [ app_init ] --START--
INFO: Run Behavior\BuildLiteBehavior [ RunTime:0.000019s ]
INFO: [ app_init ] --END-- [ RunTime:0.000384s ]
ERR: 无法加载模块:Application

[ 2018-07-23T10:17:52+08:00 ] 219.137.72.164 /Application/Admin/Uploads/upfoodimg/5a1fa61e9a52e.jpg
INFO: [ app_init ] --START--
INFO: Run Behavior\BuildLiteBehavior [ RunTime:0.000016s ]
INFO: [ app_init ] --END-- [ RunTime:0.000363s ]
ERR: 无法加载模块:Application

[ 2018-07-23T10:19:20+08:00 ] 219.137.72.164 /Application/Admin/Uploads/upfoodimg/5a1fa5b911f2e.jpg
INFO: [ app_init ] --START--
INFO: Run Behavior\BuildLiteBehavior [ RunTime:0.000016s ]
INFO: [ app_init ] --END-- [ RunTime:0.000379s ]
ERR: 无法加载模块:Application

[ 2018-07-23T10:19:20+08:00 ] 219.137.72.164 /Public/images/defaultFoodCate1.png
INFO: [ app_init ] --START--
INFO: Run Behavior\BuildLiteBehavior [ RunTime:0.000025s ]
INFO: [ app_init ] --END-- [ RunTime:0.000489s ]
ERR: 无法加载模块:Public

[ 2018-07-23T10:19:23+08:00 ] 219.137.72.164 /Public/images/defaultFoodCate1.png
INFO: [ app_init ] --START--
INFO: Run Behavior\BuildLiteBehavior [ RunTime:0.000016s ]
INFO: [ app_init ] --END-- [ RunTime:0.000367s ]
ERR: 无法加载模块:Public

[ 2018-07-23T10:19:23+08:00 ] 219.137.72.164 /Application/Admin/Uploads/upfoodimg/5a1fa5b911f2e.jpg
INFO: [ app_init ] --START--
INFO: Run Behavior\BuildLiteBehavior [ RunTime:0.000023s ]
INFO: [ app_init ] --END-- [ RunTime:0.000619s ]
ERR: 无法加载模块:Application

[ 2018-07-23T10:19:30+08:00 ] 219.137.72.164 /Application/Admin/Uploads/upfoodimg/5a1fa684a5106.jpg
INFO: [ app_init ] --START--
INFO: Run Behavior\BuildLiteBehavior [ RunTime:0.000025s ]
INFO: [ app_init ] --END-- [ RunTime:0.000582s ]
ERR: 无法加载模块:Application

[ 2018-07-23T10:19:30+08:00 ] 219.137.72.164 /Application/Admin/Uploads/upfoodimg/5a1fa671ce3a3.png
INFO: [ app_init ] --START--
INFO: Run Behavior\BuildLiteBehavior [ RunTime:0.000021s ]
INFO: [ app_init ] --END-- [ RunTime:0.000495s ]
ERR: 无法加载模块:Application

[ 2018-07-23T10:27:26+08:00 ] 219.137.72.164 /Application/Admin/Uploads/upfoodimg/5a1fa5b911f2e.jpg
INFO: [ app_init ] --START--
INFO: Run Behavior\BuildLiteBehavior [ RunTime:0.000015s ]
INFO: [ app_init ] --END-- [ RunTime:0.000372s ]
ERR: 无法加载模块:Application

[ 2018-07-23T10:27:26+08:00 ] 219.137.72.164 /Public/images/defaultFoodCate1.png
INFO: [ app_init ] --START--
INFO: Run Behavior\BuildLiteBehavior [ RunTime:0.000018s ]
INFO: [ app_init ] --END-- [ RunTime:0.000460s ]
ERR: 无法加载模块:Public

[ 2018-07-23T10:27:49+08:00 ] 219.137.72.164 /Application/Admin/Uploads/upfoodimg/5a1fa5b911f2e.jpg
INFO: [ app_init ] --START--
INFO: Run Behavior\BuildLiteBehavior [ RunTime:0.000022s ]
INFO: [ app_init ] --END-- [ RunTime:0.000352s ]
ERR: 无法加载模块:Application

[ 2018-07-23T10:27:49+08:00 ] 219.137.72.164 /Public/images/defaultFoodCate1.png
INFO: [ app_init ] --START--
INFO: Run Behavior\BuildLiteBehavior [ RunTime:0.000014s ]
INFO: [ app_init ] --END-- [ RunTime:0.000326s ]
ERR: 无法加载模块:Public

[ 2018-07-23T10:28:05+08:00 ] 219.137.72.164 /Application/Admin/Uploads/upfoodimg/5a1fa5b911f2e.jpg
INFO: [ app_init ] --START--
INFO: Run Behavior\BuildLiteBehavior [ RunTime:0.000020s ]
INFO: [ app_init ] --END-- [ RunTime:0.000375s ]
ERR: 无法加载模块:Application

[ 2018-07-23T10:28:05+08:00 ] 219.137.72.164 /Public/images/defaultFoodCate1.png
INFO: [ app_init ] --START--
INFO: Run Behavior\BuildLiteBehavior [ RunTime:0.000016s ]
INFO: [ app_init ] --END-- [ RunTime:0.000339s ]
ERR: 无法加载模块:Public

[ 2018-07-23T10:28:14+08:00 ] 219.137.72.164 /Public/images/restaurantLogo/2018-07-10/5b445e24ebcc0.png
INFO: [ app_init ] --START--
INFO: Run Behavior\BuildLiteBehavior [ RunTime:0.000017s ]
INFO: [ app_init ] --END-- [ RunTime:0.000438s ]
ERR: 无法加载模块:Public

[ 2018-07-23T10:28:14+08:00 ] 219.137.72.164 /Public/images/restaurantLogo/2018-07-10/5b445e35c4a8a.png
INFO: [ app_init ] --START--
INFO: Run Behavior\BuildLiteBehavior [ RunTime:0.000017s ]
INFO: [ app_init ] --END-- [ RunTime:0.000333s ]
ERR: 无法加载模块:Public

[ 2018-07-23T10:29:16+08:00 ] 219.137.72.164 /Public/images/restaurantLogo/2018-07-10/5b445e24ebcc0.png
INFO: [ app_init ] --START--
INFO: Run Behavior\BuildLiteBehavior [ RunTime:0.000024s ]
INFO: [ app_init ] --END-- [ RunTime:0.000492s ]
ERR: 无法加载模块:Public

[ 2018-07-23T10:29:16+08:00 ] 219.137.72.164 /Public/images/restaurantLogo/2018-07-10/5b445e35c4a8a.png
INFO: [ app_init ] --START--
INFO: Run Behavior\BuildLiteBehavior [ RunTime:0.000015s ]
INFO: [ app_init ] --END-- [ RunTime:0.000343s ]
ERR: 无法加载模块:Public

[ 2018-07-23T10:33:29+08:00 ] 219.137.72.164 /Application/Admin/Uploads/upfoodimg/5a1fa5b911f2e.jpg
INFO: [ app_init ] --START--
INFO: Run Behavior\BuildLiteBehavior [ RunTime:0.000022s ]
INFO: [ app_init ] --END-- [ RunTime:0.000521s ]
ERR: 无法加载模块:Application

[ 2018-07-23T10:33:29+08:00 ] 219.137.72.164 /Public/images/defaultFoodCate1.png
INFO: [ app_init ] --START--
INFO: Run Behavior\BuildLiteBehavior [ RunTime:0.000021s ]
INFO: [ app_init ] --END-- [ RunTime:0.000509s ]
ERR: 无法加载模块:Public

[ 2018-07-23T10:33:32+08:00 ] 219.137.72.164 /Application/Admin/Uploads/upfoodimg/5a1fa61e9a52e.jpg
INFO: [ app_init ] --START--
INFO: Run Behavior\BuildLiteBehavior [ RunTime:0.000024s ]
INFO: [ app_init ] --END-- [ RunTime:0.000525s ]
ERR: 无法加载模块:Application

[ 2018-07-23T10:33:32+08:00 ] 219.137.72.164 /Application/Admin/Uploads/upfoodimg/5a1fa6258ed2d.jpg
INFO: [ app_init ] --START--
INFO: Run Behavior\BuildLiteBehavior [ RunTime:0.000024s ]
INFO: [ app_init ] --END-- [ RunTime:0.000525s ]
ERR: 无法加载模块:Application

[ 2018-07-23T10:33:32+08:00 ] 219.137.72.164 /Application/Admin/Uploads/upfoodimg/5a1fa633ec0f4.png
INFO: [ app_init ] --START--
INFO: Run Behavior\BuildLiteBehavior [ RunTime:0.000027s ]
INFO: [ app_init ] --END-- [ RunTime:0.000535s ]
ERR: 无法加载模块:Application

[ 2018-07-23T10:33:32+08:00 ] 219.137.72.164 /Application/Admin/Uploads/upfoodimg/5a1fa63b87c55.jpg
INFO: [ app_init ] --START--
INFO: Run Behavior\BuildLiteBehavior [ RunTime:0.000018s ]
INFO: [ app_init ] --END-- [ RunTime:0.000468s ]
ERR: 无法加载模块:Application

[ 2018-07-23T10:33:35+08:00 ] 219.137.72.164 /Application/Admin/Uploads/upfoodimg/5a1fa63b87c55.jpg
INFO: [ app_init ] --START--
INFO: Run Behavior\BuildLiteBehavior [ RunTime:0.000015s ]
INFO: [ app_init ] --END-- [ RunTime:0.000325s ]
ERR: 无法加载模块:Application

[ 2018-07-23T10:33:38+08:00 ] 219.137.72.164 /Application/Admin/Uploads/upfoodimg/5a1fa5b911f2e.jpg
INFO: [ app_init ] --START--
INFO: Run Behavior\BuildLiteBehavior [ RunTime:0.000017s ]
INFO: [ app_init ] --END-- [ RunTime:0.000474s ]
ERR: 无法加载模块:Application

[ 2018-07-23T10:33:38+08:00 ] 219.137.72.164 /Public/images/defaultFoodCate1.png
INFO: [ app_init ] --START--
INFO: Run Behavior\BuildLiteBehavior [ RunTime:0.000025s ]
INFO: [ app_init ] --END-- [ RunTime:0.000509s ]
ERR: 无法加载模块:Public

[ 2018-07-23T10:45:53+08:00 ] 219.137.72.164 /Public/images/restaurantLogo/2018-07-10/5b445e24ebcc0.png
INFO: [ app_init ] --START--
INFO: Run Behavior\BuildLiteBehavior [ RunTime:0.000014s ]
INFO: [ app_init ] --END-- [ RunTime:0.000315s ]
ERR: 无法加载模块:Public

[ 2018-07-23T10:45:53+08:00 ] 219.137.72.164 /Public/images/restaurantLogo/2018-07-10/5b445e35c4a8a.png
INFO: [ app_init ] --START--
INFO: Run Behavior\BuildLiteBehavior [ RunTime:0.000014s ]
INFO: [ app_init ] --END-- [ RunTime:0.000386s ]
ERR: 无法加载模块:Public

[ 2018-07-23T10:45:54+08:00 ] 219.137.72.164 /Public/images/restaurantLogo/2018-07-10/5b445e24ebcc0.png
INFO: [ app_init ] --START--
INFO: Run Behavior\BuildLiteBehavior [ RunTime:0.000026s ]
INFO: [ app_init ] --END-- [ RunTime:0.000519s ]
ERR: 无法加载模块:Public

[ 2018-07-23T10:45:54+08:00 ] 219.137.72.164 /Public/images/restaurantLogo/2018-07-10/5b445e35c4a8a.png
INFO: [ app_init ] --START--
INFO: Run Behavior\BuildLiteBehavior [ RunTime:0.000015s ]
INFO: [ app_init ] --END-- [ RunTime:0.000329s ]
ERR: 无法加载模块:Public

[ 2018-07-23T10:47:47+08:00 ] 219.137.72.164 /Public/images/restaurantLogo/2017-12-25/5a40b07945f54.jpg
INFO: [ app_init ] --START--
INFO: Run Behavior\BuildLiteBehavior [ RunTime:0.000018s ]
INFO: [ app_init ] --END-- [ RunTime:0.000442s ]
ERR: 无法加载模块:Public

[ 2018-07-23T10:47:47+08:00 ] 219.137.72.164 /Public/images/restaurantLogo/2017-12-25/5a40b036e7c5e.jpg
INFO: [ app_init ] --START--
INFO: Run Behavior\BuildLiteBehavior [ RunTime:0.000015s ]
INFO: [ app_init ] --END-- [ RunTime:0.000325s ]
ERR: 无法加载模块:Public

[ 2018-07-23T10:49:22+08:00 ] 219.137.72.164 /Application/Admin/Uploads/
INFO: [ app_init ] --START--
INFO: Run Behavior\BuildLiteBehavior [ RunTime:0.000016s ]
INFO: [ app_init ] --END-- [ RunTime:0.000343s ]
ERR: 无法加载模块:Errpage

[ 2018-07-23T10:49:22+08:00 ] 219.137.72.164 /Application/Admin/Uploads/upadvert_showNum/5a60688de67e3.jpg
INFO: [ app_init ] --START--
INFO: Run Behavior\BuildLiteBehavior [ RunTime:0.000018s ]
INFO: [ app_init ] --END-- [ RunTime:0.000354s ]
ERR: 无法加载模块:Application

[ 2018-07-23T10:49:22+08:00 ] 219.137.72.164 /Application/Admin/Uploads/upadvert_showNum/5a60687949a9a.jpg
INFO: [ app_init ] --START--
INFO: Run Behavior\BuildLiteBehavior [ RunTime:0.000014s ]
INFO: [ app_init ] --END-- [ RunTime:0.000338s ]
ERR: 无法加载模块:Application

[ 2018-07-23T10:49:22+08:00 ] 219.137.72.164 /Application/Admin/Uploads/upadvert_shu/5a618e2bb5aa5.jpg
INFO: [ app_init ] --START--
INFO: Run Behavior\BuildLiteBehavior [ RunTime:0.000013s ]
INFO: [ app_init ] --END-- [ RunTime:0.000303s ]
ERR: 无法加载模块:Application

[ 2018-07-23T10:49:23+08:00 ] 219.137.72.164 /Application/Admin/Uploads/upadvert_showNum/5a683c27ca489.png
INFO: [ app_init ] --START--
INFO: Run Behavior\BuildLiteBehavior [ RunTime:0.000025s ]
INFO: [ app_init ] --END-- [ RunTime:0.000454s ]
ERR: 无法加载模块:Application

[ 2018-07-23T10:49:23+08:00 ] 219.137.72.164 /Application/Admin/Uploads/upadvert_showNum/5a683c79013ee.jpg
INFO: [ app_init ] --START--
INFO: Run Behavior\BuildLiteBehavior [ RunTime:0.000014s ]
INFO: [ app_init ] --END-- [ RunTime:0.000407s ]
ERR: 无法加载模块:Application

[ 2018-07-23T10:49:23+08:00 ] 219.137.72.164 /Application/Admin/Uploads/upadvert_showNum/5a683c9fd76ba.jpg
INFO: [ app_init ] --START--
INFO: Run Behavior\BuildLiteBehavior [ RunTime:0.000012s ]
INFO: [ app_init ] --END-- [ RunTime:0.000354s ]
ERR: 无法加载模块:Application

[ 2018-07-23T10:49:23+08:00 ] 219.137.72.164 /Application/Admin/Uploads/upadvert_shu/5a618e357b6a6.jpg
INFO: [ app_init ] --START--
INFO: Run Behavior\BuildLiteBehavior [ RunTime:0.000013s ]
INFO: [ app_init ] --END-- [ RunTime:0.000330s ]
ERR: 无法加载模块:Application

[ 2018-07-23T10:49:23+08:00 ] 219.137.72.164 /Application/Admin/Uploads/upadvert_showNum/5a683ce578ab8.jpg
INFO: [ app_init ] --START--
INFO: Run Behavior\BuildLiteBehavior [ RunTime:0.000014s ]
INFO: [ app_init ] --END-- [ RunTime:0.000357s ]
ERR: 无法加载模块:Application

[ 2018-07-23T10:49:23+08:00 ] 219.137.72.164 /Application/Admin/Uploads/upadvert_showNum/5a68474534c25.jpg
INFO: [ app_init ] --START--
INFO: Run Behavior\BuildLiteBehavior [ RunTime:0.000013s ]
INFO: [ app_init ] --END-- [ RunTime:0.000393s ]
ERR: 无法加载模块:Application

[ 2018-07-23T10:49:23+08:00 ] 219.137.72.164 /Application/Admin/Uploads/upadvert_showNum/5a683cf20bd7a.jpg
INFO: [ app_init ] --START--
INFO: Run Behavior\BuildLiteBehavior [ RunTime:0.000013s ]
INFO: [ app_init ] --END-- [ RunTime:0.000346s ]
ERR: 无法加载模块:Application

[ 2018-07-23T10:49:23+08:00 ] 219.137.72.164 /Application/Admin/Uploads/upadvert_showNum/5a68474c02cfc.jpg
INFO: [ app_init ] --START--
INFO: Run Behavior\BuildLiteBehavior [ RunTime:0.000012s ]
INFO: [ app_init ] --END-- [ RunTime:0.000313s ]
ERR: 无法加载模块:Application

[ 2018-07-23T10:49:24+08:00 ] 219.137.72.164 /Public/images/restaurantLogo/2017-12-25/5a40b036e7c5e.jpg
INFO: [ app_init ] --START--
INFO: Run Behavior\BuildLiteBehavior [ RunTime:0.000023s ]
INFO: [ app_init ] --END-- [ RunTime:0.000417s ]
ERR: 无法加载模块:Public

[ 2018-07-23T10:49:24+08:00 ] 219.137.72.164 /Public/images/restaurantLogo/2017-12-25/5a40b07945f54.jpg
INFO: [ app_init ] --START--
INFO: Run Behavior\BuildLiteBehavior [ RunTime:0.000014s ]
INFO: [ app_init ] --END-- [ RunTime:0.000348s ]
ERR: 无法加载模块:Public

[ 2018-07-23T10:49:27+08:00 ] 219.137.72.164 /Application/Admin/Uploads/
INFO: [ app_init ] --START--
INFO: Run Behavior\BuildLiteBehavior [ RunTime:0.000018s ]
INFO: [ app_init ] --END-- [ RunTime:0.000407s ]
ERR: 无法加载模块:Errpage

[ 2018-07-23T10:49:27+08:00 ] 219.137.72.164 /Application/Admin/Uploads/upadvert_showNum/5a60688de67e3.jpg
INFO: [ app_init ] --START--
INFO: Run Behavior\BuildLiteBehavior [ RunTime:0.000014s ]
INFO: [ app_init ] --END-- [ RunTime:0.000341s ]
ERR: 无法加载模块:Application

[ 2018-07-23T10:49:27+08:00 ] 219.137.72.164 /Application/Admin/Uploads/upadvert_shu/5a618e357b6a6.jpg
INFO: [ app_init ] --START--
INFO: Run Behavior\BuildLiteBehavior [ RunTime:0.000016s ]
INFO: [ app_init ] --END-- [ RunTime:0.000362s ]
ERR: 无法加载模块:Application

[ 2018-07-23T10:49:27+08:00 ] 219.137.72.164 /Application/Admin/Uploads/upadvert_shu/5a618e2bb5aa5.jpg
INFO: [ app_init ] --START--
INFO: Run Behavior\BuildLiteBehavior [ RunTime:0.000019s ]
INFO: [ app_init ] --END-- [ RunTime:0.000407s ]
ERR: 无法加载模块:Application

[ 2018-07-23T10:49:27+08:00 ] 219.137.72.164 /Application/Admin/Uploads/upadvert_showNum/5a60687949a9a.jpg
INFO: [ app_init ] --START--
INFO: Run Behavior\BuildLiteBehavior [ RunTime:0.000015s ]
INFO: [ app_init ] --END-- [ RunTime:0.000340s ]
ERR: 无法加载模块:Application

[ 2018-07-23T10:49:27+08:00 ] 219.137.72.164 /Application/Admin/Uploads/upadvert_showNum/5a683c27ca489.png
INFO: [ app_init ] --START--
INFO: Run Behavior\BuildLiteBehavior [ RunTime:0.000016s ]
INFO: [ app_init ] --END-- [ RunTime:0.000429s ]
ERR: 无法加载模块:Application

[ 2018-07-23T10:49:27+08:00 ] 219.137.72.164 /Application/Admin/Uploads/upadvert_showNum/5a683c79013ee.jpg
INFO: [ app_init ] --START--
INFO: Run Behavior\BuildLiteBehavior [ RunTime:0.000015s ]
INFO: [ app_init ] --END-- [ RunTime:0.000410s ]
ERR: 无法加载模块:Application

[ 2018-07-23T10:49:27+08:00 ] 219.137.72.164 /Application/Admin/Uploads/upadvert_showNum/5a683c9fd76ba.jpg
INFO: [ app_init ] --START--
INFO: Run Behavior\BuildLiteBehavior [ RunTime:0.000022s ]
INFO: [ app_init ] --END-- [ RunTime:0.000428s ]
ERR: 无法加载模块:Application

[ 2018-07-23T10:49:27+08:00 ] 219.137.72.164 /Application/Admin/Uploads/upadvert_showNum/5a68474534c25.jpg
INFO: [ app_init ] --START--
INFO: Run Behavior\BuildLiteBehavior [ RunTime:0.000014s ]
INFO: [ app_init ] --END-- [ RunTime:0.000316s ]
ERR: 无法加载模块:Application

[ 2018-07-23T10:49:27+08:00 ] 219.137.72.164 /Application/Admin/Uploads/upadvert_showNum/5a683ce578ab8.jpg
INFO: [ app_init ] --START--
INFO: Run Behavior\BuildLiteBehavior [ RunTime:0.000018s ]
INFO: [ app_init ] --END-- [ RunTime:0.000423s ]
ERR: 无法加载模块:Application

[ 2018-07-23T10:49:27+08:00 ] 219.137.72.164 /Application/Admin/Uploads/upadvert_showNum/5a683cf20bd7a.jpg
INFO: [ app_init ] --START--
INFO: Run Behavior\BuildLiteBehavior [ RunTime:0.000014s ]
INFO: [ app_init ] --END-- [ RunTime:0.000357s ]
ERR: 无法加载模块:Application

[ 2018-07-23T10:49:27+08:00 ] 219.137.72.164 /Application/Admin/Uploads/upadvert_showNum/5a68474c02cfc.jpg
INFO: [ app_init ] --START--
INFO: Run Behavior\BuildLiteBehavior [ RunTime:0.000015s ]
INFO: [ app_init ] --END-- [ RunTime:0.000319s ]
ERR: 无法加载模块:Application

[ 2018-07-23T10:49:37+08:00 ] 219.137.72.164 /Application/Admin/Uploads/upfoodimg/5a1fa5b911f2e.jpg
INFO: [ app_init ] --START--
INFO: Run Behavior\BuildLiteBehavior [ RunTime:0.000018s ]
INFO: [ app_init ] --END-- [ RunTime:0.000353s ]
ERR: 无法加载模块:Application

[ 2018-07-23T10:49:37+08:00 ] 219.137.72.164 /Public/images/defaultFoodCate1.png
INFO: [ app_init ] --START--
INFO: Run Behavior\BuildLiteBehavior [ RunTime:0.000017s ]
INFO: [ app_init ] --END-- [ RunTime:0.000354s ]
ERR: 无法加载模块:Public

[ 2018-07-23T10:49:42+08:00 ] 219.137.72.164 /Application/Admin/Uploads/upfoodimg/5a1fa5b911f2e.jpg
INFO: [ app_init ] --START--
INFO: Run Behavior\BuildLiteBehavior [ RunTime:0.000017s ]
INFO: [ app_init ] --END-- [ RunTime:0.000360s ]
ERR: 无法加载模块:Application

[ 2018-07-23T10:49:42+08:00 ] 219.137.72.164 /Public/images/defaultFoodCate1.png
INFO: [ app_init ] --START--
INFO: Run Behavior\BuildLiteBehavior [ RunTime:0.000027s ]
INFO: [ app_init ] --END-- [ RunTime:0.000445s ]
ERR: 无法加载模块:Public

[ 2018-07-23T10:49:53+08:00 ] 219.137.72.164 /Application/Admin/Uploads/upfoodimg/5a1fa5b911f2e.jpg
INFO: [ app_init ] --START--
INFO: Run Behavior\BuildLiteBehavior [ RunTime:0.000017s ]
INFO: [ app_init ] --END-- [ RunTime:0.000347s ]
ERR: 无法加载模块:Application

[ 2018-07-23T10:49:53+08:00 ] 219.137.72.164 /Public/images/defaultFoodCate1.png
INFO: [ app_init ] --START--
INFO: Run Behavior\BuildLiteBehavior [ RunTime:0.000013s ]
INFO: [ app_init ] --END-- [ RunTime:0.000335s ]
ERR: 无法加载模块:Public

[ 2018-07-23T10:50:02+08:00 ] 219.137.72.164 /Application/Admin/Uploads/upfoodimg/5a1fa5b911f2e.jpg
INFO: [ app_init ] --START--
INFO: Run Behavior\BuildLiteBehavior [ RunTime:0.000019s ]
INFO: [ app_init ] --END-- [ RunTime:0.000378s ]
ERR: 无法加载模块:Application

[ 2018-07-23T10:50:02+08:00 ] 219.137.72.164 /Public/images/defaultFoodCate1.png
INFO: [ app_init ] --START--
INFO: Run Behavior\BuildLiteBehavior [ RunTime:0.000015s ]
INFO: [ app_init ] --END-- [ RunTime:0.000330s ]
ERR: 无法加载模块:Public

[ 2018-07-23T10:53:14+08:00 ] 219.137.72.164 /Public/images/restaurantLogo/2018-07-10/5b445e24ebcc0.png
INFO: [ app_init ] --START--
INFO: Run Behavior\BuildLiteBehavior [ RunTime:0.000017s ]
INFO: [ app_init ] --END-- [ RunTime:0.000352s ]
ERR: 无法加载模块:Public

[ 2018-07-23T10:53:14+08:00 ] 219.137.72.164 /Public/images/restaurantLogo/2018-07-10/5b445e35c4a8a.png
INFO: [ app_init ] --START--
INFO: Run Behavior\BuildLiteBehavior [ RunTime:0.000016s ]
INFO: [ app_init ] --END-- [ RunTime:0.000376s ]
ERR: 无法加载模块:Public

[ 2018-07-23T10:54:04+08:00 ] 219.137.72.164 /Public/images/restaurantLogo/2018-07-10/5b445e24ebcc0.png
INFO: [ app_init ] --START--
INFO: Run Behavior\BuildLiteBehavior [ RunTime:0.000020s ]
INFO: [ app_init ] --END-- [ RunTime:0.000357s ]
ERR: 无法加载模块:Public

[ 2018-07-23T10:54:04+08:00 ] 219.137.72.164 /Public/images/restaurantLogo/2018-07-10/5b445e35c4a8a.png
INFO: [ app_init ] --START--
INFO: Run Behavior\BuildLiteBehavior [ RunTime:0.000020s ]
INFO: [ app_init ] --END-- [ RunTime:0.000437s ]
ERR: 无法加载模块:Public

[ 2018-07-23T10:55:10+08:00 ] 219.137.72.164 /Public/images/restaurantLogo/2018-07-10/5b445e24ebcc0.png
INFO: [ app_init ] --START--
INFO: Run Behavior\BuildLiteBehavior [ RunTime:0.000024s ]
INFO: [ app_init ] --END-- [ RunTime:0.000495s ]
ERR: 无法加载模块:Public

[ 2018-07-23T10:55:10+08:00 ] 219.137.72.164 /Public/images/restaurantLogo/2018-07-10/5b445e35c4a8a.png
INFO: [ app_init ] --START--
INFO: Run Behavior\BuildLiteBehavior [ RunTime:0.000014s ]
INFO: [ app_init ] --END-- [ RunTime:0.000326s ]
ERR: 无法加载模块:Public

[ 2018-07-23T10:55:43+08:00 ] 219.137.72.164 /Public/images/restaurantLogo/2018-07-10/5b445e24ebcc0.png
INFO: [ app_init ] --START--
INFO: Run Behavior\BuildLiteBehavior [ RunTime:0.000018s ]
INFO: [ app_init ] --END-- [ RunTime:0.000362s ]
ERR: 无法加载模块:Public

[ 2018-07-23T10:55:43+08:00 ] 219.137.72.164 /Public/images/restaurantLogo/2018-07-10/5b445e35c4a8a.png
INFO: [ app_init ] --START--
INFO: Run Behavior\BuildLiteBehavior [ RunTime:0.000021s ]
INFO: [ app_init ] --END-- [ RunTime:0.000386s ]
ERR: 无法加载模块:Public

[ 2018-07-23T10:56:02+08:00 ] 219.137.72.164 /Public/images/restaurantLogo/2018-07-10/5b445e24ebcc0.png
INFO: [ app_init ] --START--
INFO: Run Behavior\BuildLiteBehavior [ RunTime:0.000046s ]
INFO: [ app_init ] --END-- [ RunTime:0.000450s ]
ERR: 无法加载模块:Public

[ 2018-07-23T10:56:02+08:00 ] 219.137.72.164 /Public/images/restaurantLogo/2018-07-10/5b445e35c4a8a.png
INFO: [ app_init ] --START--
INFO: Run Behavior\BuildLiteBehavior [ RunTime:0.000101s ]
INFO: [ app_init ] --END-- [ RunTime:0.000981s ]
ERR: 无法加载模块:Public

[ 2018-07-23T10:56:13+08:00 ] 219.137.72.164 /Public/images/restaurantLogo/2018-07-10/5b445e35c4a8a.png
INFO: [ app_init ] --START--
INFO: Run Behavior\BuildLiteBehavior [ RunTime:0.000016s ]
INFO: [ app_init ] --END-- [ RunTime:0.000385s ]
ERR: 无法加载模块:Public

[ 2018-07-23T10:56:13+08:00 ] 219.137.72.164 /Public/images/restaurantLogo/2018-07-10/5b445e24ebcc0.png
INFO: [ app_init ] --START--
INFO: Run Behavior\BuildLiteBehavior [ RunTime:0.000036s ]
INFO: [ app_init ] --END-- [ RunTime:0.000939s ]
ERR: 无法加载模块:Public

[ 2018-07-23T10:56:47+08:00 ] 219.137.72.164 /Public/images/restaurantLogo/2018-07-10/5b445e24ebcc0.png
INFO: [ app_init ] --START--
INFO: Run Behavior\BuildLiteBehavior [ RunTime:0.000023s ]
INFO: [ app_init ] --END-- [ RunTime:0.000385s ]
ERR: 无法加载模块:Public

[ 2018-07-23T10:56:47+08:00 ] 219.137.72.164 /Public/images/restaurantLogo/2018-07-10/5b445e35c4a8a.png
INFO: [ app_init ] --START--
INFO: Run Behavior\BuildLiteBehavior [ RunTime:0.000019s ]
INFO: [ app_init ] --END-- [ RunTime:0.000433s ]
ERR: 无法加载模块:Public

[ 2018-07-23T10:57:40+08:00 ] 219.137.72.164 /Public/images/restaurantLogo/2018-07-10/5b445e35c4a8a.png
INFO: [ app_init ] --START--
INFO: Run Behavior\BuildLiteBehavior [ RunTime:0.000020s ]
INFO: [ app_init ] --END-- [ RunTime:0.000367s ]
ERR: 无法加载模块:Public

[ 2018-07-23T10:57:40+08:00 ] 219.137.72.164 /Public/images/restaurantLogo/2018-07-10/5b445e24ebcc0.png
INFO: [ app_init ] --START--
INFO: Run Behavior\BuildLiteBehavior [ RunTime:0.000014s ]
INFO: [ app_init ] --END-- [ RunTime:0.000355s ]
ERR: 无法加载模块:Public

[ 2018-07-23T10:57:50+08:00 ] 219.137.72.164 /Public/images/restaurantLogo/2018-07-10/5b445e35c4a8a.png
INFO: [ app_init ] --START--
INFO: Run Behavior\BuildLiteBehavior [ RunTime:0.000017s ]
INFO: [ app_init ] --END-- [ RunTime:0.000521s ]
ERR: 无法加载模块:Public

[ 2018-07-23T10:57:50+08:00 ] 219.137.72.164 /Public/images/restaurantLogo/2018-07-10/5b445e24ebcc0.png
INFO: [ app_init ] --START--
INFO: Run Behavior\BuildLiteBehavior [ RunTime:0.000020s ]
INFO: [ app_init ] --END-- [ RunTime:0.000368s ]
ERR: 无法加载模块:Public

[ 2018-07-23T10:57:53+08:00 ] 219.137.72.164 /Public/images/restaurantLogo/2018-07-10/5b445e35c4a8a.png
INFO: [ app_init ] --START--
INFO: Run Behavior\BuildLiteBehavior [ RunTime:0.000025s ]
INFO: [ app_init ] --END-- [ RunTime:0.000387s ]
ERR: 无法加载模块:Public

[ 2018-07-23T10:57:53+08:00 ] 219.137.72.164 /Public/images/restaurantLogo/2018-07-10/5b445e24ebcc0.png
INFO: [ app_init ] --START--
INFO: Run Behavior\BuildLiteBehavior [ RunTime:0.000016s ]
INFO: [ app_init ] --END-- [ RunTime:0.000356s ]
ERR: 无法加载模块:Public

[ 2018-07-23T10:58:29+08:00 ] 219.137.72.164 /Public/images/restaurantLogo/2018-07-10/5b445e35c4a8a.png
INFO: [ app_init ] --START--
INFO: Run Behavior\BuildLiteBehavior [ RunTime:0.000016s ]
INFO: [ app_init ] --END-- [ RunTime:0.000331s ]
ERR: 无法加载模块:Public

[ 2018-07-23T10:58:29+08:00 ] 219.137.72.164 /Public/images/restaurantLogo/2018-07-10/5b445e24ebcc0.png
INFO: [ app_init ] --START--
INFO: Run Behavior\BuildLiteBehavior [ RunTime:0.000013s ]
INFO: [ app_init ] --END-- [ RunTime:0.000351s ]
ERR: 无法加载模块:Public

[ 2018-07-23T10:58:41+08:00 ] 219.137.72.164 /Public/images/restaurantLogo/2018-07-10/5b445e24ebcc0.png
INFO: [ app_init ] --START--
INFO: Run Behavior\BuildLiteBehavior [ RunTime:0.000025s ]
INFO: [ app_init ] --END-- [ RunTime:0.000482s ]
ERR: 无法加载模块:Public

[ 2018-07-23T10:58:41+08:00 ] 219.137.72.164 /Public/images/restaurantLogo/2018-07-10/5b445e35c4a8a.png
INFO: [ app_init ] --START--
INFO: Run Behavior\BuildLiteBehavior [ RunTime:0.000019s ]
INFO: [ app_init ] --END-- [ RunTime:0.000499s ]
ERR: 无法加载模块:Public

[ 2018-07-23T10:59:25+08:00 ] 219.137.72.164 /Public/images/restaurantLogo/2018-07-10/5b445e24ebcc0.png
INFO: [ app_init ] --START--
INFO: Run Behavior\BuildLiteBehavior [ RunTime:0.000025s ]
INFO: [ app_init ] --END-- [ RunTime:0.000508s ]
ERR: 无法加载模块:Public

[ 2018-07-23T10:59:25+08:00 ] 219.137.72.164 /Public/images/restaurantLogo/2018-07-10/5b445e35c4a8a.png
INFO: [ app_init ] --START--
INFO: Run Behavior\BuildLiteBehavior [ RunTime:0.000019s ]
INFO: [ app_init ] --END-- [ RunTime:0.000620s ]
ERR: 无法加载模块:Public

[ 2018-07-23T11:00:03+08:00 ] 219.137.72.164 /Public/images/restaurantLogo/2018-07-10/5b445e35c4a8a.png
INFO: [ app_init ] --START--
INFO: Run Behavior\BuildLiteBehavior [ RunTime:0.000018s ]
INFO: [ app_init ] --END-- [ RunTime:0.000348s ]
ERR: 无法加载模块:Public

[ 2018-07-23T11:00:03+08:00 ] 219.137.72.164 /Public/images/restaurantLogo/2018-07-10/5b445e24ebcc0.png
INFO: [ app_init ] --START--
INFO: Run Behavior\BuildLiteBehavior [ RunTime:0.000028s ]
INFO: [ app_init ] --END-- [ RunTime:0.000714s ]
ERR: 无法加载模块:Public

[ 2018-07-23T11:00:15+08:00 ] 219.137.72.164 /Public/images/restaurantLogo/2018-07-10/5b445e35c4a8a.png
INFO: [ app_init ] --START--
INFO: Run Behavior\BuildLiteBehavior [ RunTime:0.000019s ]
INFO: [ app_init ] --END-- [ RunTime:0.000366s ]
ERR: 无法加载模块:Public

[ 2018-07-23T11:00:15+08:00 ] 219.137.72.164 /Public/images/restaurantLogo/2018-07-10/5b445e24ebcc0.png
INFO: [ app_init ] --START--
INFO: Run Behavior\BuildLiteBehavior [ RunTime:0.000021s ]
INFO: [ app_init ] --END-- [ RunTime:0.000444s ]
ERR: 无法加载模块:Public

[ 2018-07-23T11:01:52+08:00 ] 219.137.72.164 /Public/images/restaurantLogo/2018-07-10/5b445e24ebcc0.png
INFO: [ app_init ] --START--
INFO: Run Behavior\BuildLiteBehavior [ RunTime:0.000020s ]
INFO: [ app_init ] --END-- [ RunTime:0.000355s ]
ERR: 无法加载模块:Public

[ 2018-07-23T11:01:52+08:00 ] 219.137.72.164 /Public/images/restaurantLogo/2018-07-10/5b445e35c4a8a.png
INFO: [ app_init ] --START--
INFO: Run Behavior\BuildLiteBehavior [ RunTime:0.000704s ]
INFO: [ app_init ] --END-- [ RunTime:0.001634s ]
ERR: 无法加载模块:Public

[ 2018-07-23T11:01:52+08:00 ] 219.137.72.164 /Public/images/restaurantLogo/2018-07-10/5b445e24ebcc0.png
INFO: [ app_init ] --START--
INFO: Run Behavior\BuildLiteBehavior [ RunTime:0.000034s ]
INFO: [ app_init ] --END-- [ RunTime:0.000698s ]
ERR: 无法加载模块:Public

[ 2018-07-23T11:01:52+08:00 ] 219.137.72.164 /Public/images/restaurantLogo/2018-07-10/5b445e35c4a8a.png
INFO: [ app_init ] --START--
INFO: Run Behavior\BuildLiteBehavior [ RunTime:0.000026s ]
INFO: [ app_init ] --END-- [ RunTime:0.000619s ]
ERR: 无法加载模块:Public

[ 2018-07-23T11:01:55+08:00 ] 219.137.72.164 /Public/images/restaurantLogo/2018-07-10/5b445e35c4a8a.png
INFO: [ app_init ] --START--
INFO: Run Behavior\BuildLiteBehavior [ RunTime:0.000017s ]
INFO: [ app_init ] --END-- [ RunTime:0.000387s ]
ERR: 无法加载模块:Public

[ 2018-07-23T11:01:55+08:00 ] 219.137.72.164 /Public/images/restaurantLogo/2018-07-10/5b445e24ebcc0.png
INFO: [ app_init ] --START--
INFO: Run Behavior\BuildLiteBehavior [ RunTime:0.000013s ]
INFO: [ app_init ] --END-- [ RunTime:0.000333s ]
ERR: 无法加载模块:Public

[ 2018-07-23T11:01:57+08:00 ] 219.137.72.164 /Public/images/restaurantLogo/2018-07-10/5b445e24ebcc0.png
INFO: [ app_init ] --START--
INFO: Run Behavior\BuildLiteBehavior [ RunTime:0.000019s ]
INFO: [ app_init ] --END-- [ RunTime:0.000390s ]
ERR: 无法加载模块:Public

[ 2018-07-23T11:01:57+08:00 ] 219.137.72.164 /Public/images/restaurantLogo/2018-07-10/5b445e35c4a8a.png
INFO: [ app_init ] --START--
INFO: Run Behavior\BuildLiteBehavior [ RunTime:0.000014s ]
INFO: [ app_init ] --END-- [ RunTime:0.000379s ]
ERR: 无法加载模块:Public

[ 2018-07-23T11:02:02+08:00 ] 219.137.72.164 /Public/images/restaurantLogo/2017-12-25/5a40b07945f54.jpg
INFO: [ app_init ] --START--
INFO: Run Behavior\BuildLiteBehavior [ RunTime:0.000016s ]
INFO: [ app_init ] --END-- [ RunTime:0.000571s ]
ERR: 无法加载模块:Public

[ 2018-07-23T11:02:02+08:00 ] 219.137.72.164 /Public/images/restaurantLogo/2017-12-25/5a40b036e7c5e.jpg
INFO: [ app_init ] --START--
INFO: Run Behavior\BuildLiteBehavior [ RunTime:0.000019s ]
INFO: [ app_init ] --END-- [ RunTime:0.000430s ]
ERR: 无法加载模块:Public

[ 2018-07-23T11:02:03+08:00 ] 219.137.72.164 /Application/Admin/Uploads/
INFO: [ app_init ] --START--
INFO: Run Behavior\BuildLiteBehavior [ RunTime:0.000019s ]
INFO: [ app_init ] --END-- [ RunTime:0.000624s ]
ERR: 无法加载模块:Errpage

[ 2018-07-23T11:02:03+08:00 ] 219.137.72.164 /Application/Admin/Uploads/upadvert_showNum/5a60687949a9a.jpg
INFO: [ app_init ] --START--
INFO: Run Behavior\BuildLiteBehavior [ RunTime:0.000023s ]
INFO: [ app_init ] --END-- [ RunTime:0.000534s ]
ERR: 无法加载模块:Application

[ 2018-07-23T11:02:03+08:00 ] 219.137.72.164 /Application/Admin/Uploads/upadvert_showNum/5a60688de67e3.jpg
INFO: [ app_init ] --START--
INFO: Run Behavior\BuildLiteBehavior [ RunTime:0.000019s ]
INFO: [ app_init ] --END-- [ RunTime:0.000398s ]
ERR: 无法加载模块:Application

[ 2018-07-23T11:02:03+08:00 ] 219.137.72.164 /Application/Admin/Uploads/upadvert_shu/5a618e2bb5aa5.jpg
INFO: [ app_init ] --START--
INFO: Run Behavior\BuildLiteBehavior [ RunTime:0.000018s ]
INFO: [ app_init ] --END-- [ RunTime:0.000391s ]
ERR: 无法加载模块:Application

[ 2018-07-23T11:02:03+08:00 ] 219.137.72.164 /Application/Admin/Uploads/upadvert_shu/5a618e357b6a6.jpg
INFO: [ app_init ] --START--
INFO: Run Behavior\BuildLiteBehavior [ RunTime:0.000014s ]
INFO: [ app_init ] --END-- [ RunTime:0.000339s ]
ERR: 无法加载模块:Application

[ 2018-07-23T11:02:03+08:00 ] 219.137.72.164 /Application/Admin/Uploads/upadvert_showNum/5a683c27ca489.png
INFO: [ app_init ] --START--
INFO: Run Behavior\BuildLiteBehavior [ RunTime:0.000013s ]
INFO: [ app_init ] --END-- [ RunTime:0.000361s ]
ERR: 无法加载模块:Application

[ 2018-07-23T11:02:03+08:00 ] 219.137.72.164 /Application/Admin/Uploads/upadvert_showNum/5a683c79013ee.jpg
INFO: [ app_init ] --START--
INFO: Run Behavior\BuildLiteBehavior [ RunTime:0.000021s ]
INFO: [ app_init ] --END-- [ RunTime:0.000519s ]
ERR: 无法加载模块:Application

[ 2018-07-23T11:02:03+08:00 ] 219.137.72.164 /Application/Admin/Uploads/upadvert_showNum/5a683c9fd76ba.jpg
INFO: [ app_init ] --START--
INFO: Run Behavior\BuildLiteBehavior [ RunTime:0.000017s ]
INFO: [ app_init ] --END-- [ RunTime:0.000335s ]
ERR: 无法加载模块:Application

[ 2018-07-23T11:02:03+08:00 ] 219.137.72.164 /Application/Admin/Uploads/upadvert_showNum/5a683cf20bd7a.jpg
INFO: [ app_init ] --START--
INFO: Run Behavior\BuildLiteBehavior [ RunTime:0.000017s ]
INFO: [ app_init ] --END-- [ RunTime:0.000406s ]
ERR: 无法加载模块:Application

[ 2018-07-23T11:02:03+08:00 ] 219.137.72.164 /Application/Admin/Uploads/upadvert_showNum/5a683ce578ab8.jpg
INFO: [ app_init ] --START--
INFO: Run Behavior\BuildLiteBehavior [ RunTime:0.000025s ]
INFO: [ app_init ] --END-- [ RunTime:0.000513s ]
ERR: 无法加载模块:Application

[ 2018-07-23T11:02:03+08:00 ] 219.137.72.164 /Application/Admin/Uploads/upadvert_showNum/5a68474534c25.jpg
INFO: [ app_init ] --START--
INFO: Run Behavior\BuildLiteBehavior [ RunTime:0.000014s ]
INFO: [ app_init ] --END-- [ RunTime:0.000372s ]
ERR: 无法加载模块:Application

[ 2018-07-23T11:02:03+08:00 ] 219.137.72.164 /Application/Admin/Uploads/upadvert_showNum/5a68474c02cfc.jpg
INFO: [ app_init ] --START--
INFO: Run Behavior\BuildLiteBehavior [ RunTime:0.000018s ]
INFO: [ app_init ] --END-- [ RunTime:0.000385s ]
ERR: 无法加载模块:Application

[ 2018-07-23T11:02:04+08:00 ] 219.137.72.164 /Public/images/restaurantLogo/2017-12-25/5a40b07945f54.jpg
INFO: [ app_init ] --START--
INFO: Run Behavior\BuildLiteBehavior [ RunTime:0.000018s ]
INFO: [ app_init ] --END-- [ RunTime:0.000476s ]
ERR: 无法加载模块:Public

[ 2018-07-23T11:02:04+08:00 ] 219.137.72.164 /Public/images/restaurantLogo/2017-12-25/5a40b036e7c5e.jpg
INFO: [ app_init ] --START--
INFO: Run Behavior\BuildLiteBehavior [ RunTime:0.000014s ]
INFO: [ app_init ] --END-- [ RunTime:0.000418s ]
ERR: 无法加载模块:Public

[ 2018-07-23T11:02:06+08:00 ] 219.137.72.164 /Public/images/restaurantLogo/2017-12-25/5a40b07945f54.jpg
INFO: [ app_init ] --START--
INFO: Run Behavior\BuildLiteBehavior [ RunTime:0.000016s ]
INFO: [ app_init ] --END-- [ RunTime:0.000403s ]
ERR: 无法加载模块:Public

[ 2018-07-23T11:02:06+08:00 ] 219.137.72.164 /Public/images/restaurantLogo/2017-12-25/5a40b036e7c5e.jpg
INFO: [ app_init ] --START--
INFO: Run Behavior\BuildLiteBehavior [ RunTime:0.000014s ]
INFO: [ app_init ] --END-- [ RunTime:0.000324s ]
ERR: 无法加载模块:Public

[ 2018-07-23T11:02:13+08:00 ] 219.137.72.164 /Public/images/restaurantLogo/2017-12-25/5a40b036e7c5e.jpg
INFO: [ app_init ] --START--
INFO: Run Behavior\BuildLiteBehavior [ RunTime:0.000015s ]
INFO: [ app_init ] --END-- [ RunTime:0.000337s ]
ERR: 无法加载模块:Public

[ 2018-07-23T11:02:28+08:00 ] 219.137.72.164 /Application/Admin/Uploads/upadvert_showNum/5a60687949a9a.jpg
INFO: [ app_init ] --START--
INFO: Run Behavior\BuildLiteBehavior [ RunTime:0.000016s ]
INFO: [ app_init ] --END-- [ RunTime:0.000325s ]
ERR: 无法加载模块:Application

[ 2018-07-23T11:02:28+08:00 ] 219.137.72.164 /Application/Admin/Uploads/
INFO: [ app_init ] --START--
INFO: Run Behavior\BuildLiteBehavior [ RunTime:0.000013s ]
INFO: [ app_init ] --END-- [ RunTime:0.000482s ]
ERR: 无法加载模块:Errpage

[ 2018-07-23T11:02:28+08:00 ] 219.137.72.164 /Application/Admin/Uploads/upadvert_showNum/5a60688de67e3.jpg
INFO: [ app_init ] --START--
INFO: Run Behavior\BuildLiteBehavior [ RunTime:0.000014s ]
INFO: [ app_init ] --END-- [ RunTime:0.000325s ]
ERR: 无法加载模块:Application

[ 2018-07-23T11:02:28+08:00 ] 219.137.72.164 /Application/Admin/Uploads/upadvert_shu/5a618e2bb5aa5.jpg
INFO: [ app_init ] --START--
INFO: Run Behavior\BuildLiteBehavior [ RunTime:0.000013s ]
INFO: [ app_init ] --END-- [ RunTime:0.000329s ]
ERR: 无法加载模块:Application

[ 2018-07-23T11:02:28+08:00 ] 219.137.72.164 /Application/Admin/Uploads/upadvert_shu/5a618e357b6a6.jpg
INFO: [ app_init ] --START--
INFO: Run Behavior\BuildLiteBehavior [ RunTime:0.000027s ]
INFO: [ app_init ] --END-- [ RunTime:0.000338s ]
ERR: 无法加载模块:Application

[ 2018-07-23T11:02:28+08:00 ] 219.137.72.164 /Application/Admin/Uploads/upadvert_showNum/5a683c27ca489.png
INFO: [ app_init ] --START--
INFO: Run Behavior\BuildLiteBehavior [ RunTime:0.000015s ]
INFO: [ app_init ] --END-- [ RunTime:0.000392s ]
ERR: 无法加载模块:Application

[ 2018-07-23T11:02:29+08:00 ] 219.137.72.164 /Application/Admin/Uploads/upadvert_showNum/5a683c9fd76ba.jpg
INFO: [ app_init ] --START--
INFO: Run Behavior\BuildLiteBehavior [ RunTime:0.000019s ]
INFO: [ app_init ] --END-- [ RunTime:0.000370s ]
ERR: 无法加载模块:Application

[ 2018-07-23T11:02:29+08:00 ] 219.137.72.164 /Application/Admin/Uploads/upadvert_showNum/5a683c79013ee.jpg
INFO: [ app_init ] --START--
INFO: Run Behavior\BuildLiteBehavior [ RunTime:0.000016s ]
INFO: [ app_init ] --END-- [ RunTime:0.000764s ]
ERR: 无法加载模块:Application

[ 2018-07-23T11:02:29+08:00 ] 219.137.72.164 /Application/Admin/Uploads/upadvert_showNum/5a683ce578ab8.jpg
INFO: [ app_init ] --START--
INFO: Run Behavior\BuildLiteBehavior [ RunTime:0.000018s ]
INFO: [ app_init ] --END-- [ RunTime:0.000344s ]
ERR: 无法加载模块:Application

[ 2018-07-23T11:02:29+08:00 ] 219.137.72.164 /Application/Admin/Uploads/upadvert_showNum/5a68474534c25.jpg
INFO: [ app_init ] --START--
INFO: Run Behavior\BuildLiteBehavior [ RunTime:0.000019s ]
INFO: [ app_init ] --END-- [ RunTime:0.004607s ]
ERR: 无法加载模块:Application

[ 2018-07-23T11:02:29+08:00 ] 219.137.72.164 /Application/Admin/Uploads/upadvert_showNum/5a68474c02cfc.jpg
INFO: [ app_init ] --START--
INFO: Run Behavior\BuildLiteBehavior [ RunTime:0.000019s ]
INFO: [ app_init ] --END-- [ RunTime:0.000335s ]
ERR: 无法加载模块:Application

[ 2018-07-23T11:02:29+08:00 ] 219.137.72.164 /Application/Admin/Uploads/upadvert_showNum/5a683cf20bd7a.jpg
INFO: [ app_init ] --START--
INFO: Run Behavior\BuildLiteBehavior [ RunTime:0.000016s ]
INFO: [ app_init ] --END-- [ RunTime:0.000351s ]
ERR: 无法加载模块:Application

[ 2018-07-23T11:02:36+08:00 ] 219.137.72.164 /Application/Admin/Uploads/
INFO: [ app_init ] --START--
INFO: Run Behavior\BuildLiteBehavior [ RunTime:0.000019s ]
INFO: [ app_init ] --END-- [ RunTime:0.000411s ]
ERR: 无法加载模块:Errpage

[ 2018-07-23T11:02:36+08:00 ] 219.137.72.164 /Application/Admin/Uploads/upadvert_shu/5a618e2bb5aa5.jpg
INFO: [ app_init ] --START--
INFO: Run Behavior\BuildLiteBehavior [ RunTime:0.000019s ]
INFO: [ app_init ] --END-- [ RunTime:0.000335s ]
ERR: 无法加载模块:Application

[ 2018-07-23T11:02:36+08:00 ] 219.137.72.164 /Application/Admin/Uploads/upadvert_showNum/5a60687949a9a.jpg
INFO: [ app_init ] --START--
INFO: Run Behavior\BuildLiteBehavior [ RunTime:0.000025s ]
INFO: [ app_init ] --END-- [ RunTime:0.000608s ]
ERR: 无法加载模块:Application

[ 2018-07-23T11:02:36+08:00 ] 219.137.72.164 /Application/Admin/Uploads/upadvert_showNum/5a60688de67e3.jpg
INFO: [ app_init ] --START--
INFO: Run Behavior\BuildLiteBehavior [ RunTime:0.000017s ]
INFO: [ app_init ] --END-- [ RunTime:0.000360s ]
ERR: 无法加载模块:Application

[ 2018-07-23T11:02:36+08:00 ] 219.137.72.164 /Application/Admin/Uploads/upadvert_shu/5a618e357b6a6.jpg
INFO: [ app_init ] --START--
INFO: Run Behavior\BuildLiteBehavior [ RunTime:0.000016s ]
INFO: [ app_init ] --END-- [ RunTime:0.000324s ]
ERR: 无法加载模块:Application

[ 2018-07-23T11:02:36+08:00 ] 219.137.72.164 /Application/Admin/Uploads/upadvert_showNum/5a683c27ca489.png
INFO: [ app_init ] --START--
INFO: Run Behavior\BuildLiteBehavior [ RunTime:0.000015s ]
INFO: [ app_init ] --END-- [ RunTime:0.001775s ]
ERR: 无法加载模块:Application

[ 2018-07-23T11:02:36+08:00 ] 219.137.72.164 /Application/Admin/Uploads/upadvert_showNum/5a683c79013ee.jpg
INFO: [ app_init ] --START--
INFO: Run Behavior\BuildLiteBehavior [ RunTime:0.000016s ]
INFO: [ app_init ] --END-- [ RunTime:0.000352s ]
ERR: 无法加载模块:Application

[ 2018-07-23T11:02:36+08:00 ] 219.137.72.164 /Application/Admin/Uploads/upadvert_showNum/5a683c9fd76ba.jpg
INFO: [ app_init ] --START--
INFO: Run Behavior\BuildLiteBehavior [ RunTime:0.000015s ]
INFO: [ app_init ] --END-- [ RunTime:0.000339s ]
ERR: 无法加载模块:Application

[ 2018-07-23T11:02:36+08:00 ] 219.137.72.164 /Application/Admin/Uploads/upadvert_showNum/5a683ce578ab8.jpg
INFO: [ app_init ] --START--
INFO: Run Behavior\BuildLiteBehavior [ RunTime:0.000016s ]
INFO: [ app_init ] --END-- [ RunTime:0.000345s ]
ERR: 无法加载模块:Application

[ 2018-07-23T11:02:36+08:00 ] 219.137.72.164 /Application/Admin/Uploads/upadvert_showNum/5a68474c02cfc.jpg
INFO: [ app_init ] --START--
INFO: Run Behavior\BuildLiteBehavior [ RunTime:0.000016s ]
INFO: [ app_init ] --END-- [ RunTime:0.000322s ]
ERR: 无法加载模块:Application

[ 2018-07-23T11:02:36+08:00 ] 219.137.72.164 /Application/Admin/Uploads/upadvert_showNum/5a683cf20bd7a.jpg
INFO: [ app_init ] --START--
INFO: Run Behavior\BuildLiteBehavior [ RunTime:0.000016s ]
INFO: [ app_init ] --END-- [ RunTime:0.000491s ]
ERR: 无法加载模块:Application

[ 2018-07-23T11:02:36+08:00 ] 219.137.72.164 /Application/Admin/Uploads/upadvert_showNum/5a68474534c25.jpg
INFO: [ app_init ] --START--
INFO: Run Behavior\BuildLiteBehavior [ RunTime:0.000015s ]
INFO: [ app_init ] --END-- [ RunTime:0.000314s ]
ERR: 无法加载模块:Application

[ 2018-07-23T11:02:38+08:00 ] 219.137.72.164 /Application/Admin/Uploads/upfoodimg/5a1fa5b911f2e.jpg
INFO: [ app_init ] --START--
INFO: Run Behavior\BuildLiteBehavior [ RunTime:0.000021s ]
INFO: [ app_init ] --END-- [ RunTime:0.000381s ]
ERR: 无法加载模块:Application

[ 2018-07-23T11:02:38+08:00 ] 219.137.72.164 /Public/images/defaultFoodCate1.png
INFO: [ app_init ] --START--
INFO: Run Behavior\BuildLiteBehavior [ RunTime:0.000013s ]
INFO: [ app_init ] --END-- [ RunTime:0.000318s ]
ERR: 无法加载模块:Public

[ 2018-07-23T11:02:40+08:00 ] 219.137.72.164 /Public/images/restaurantLogo/2018-07-10/5b445e24ebcc0.png
INFO: [ app_init ] --START--
INFO: Run Behavior\BuildLiteBehavior [ RunTime:0.000027s ]
INFO: [ app_init ] --END-- [ RunTime:0.000550s ]
ERR: 无法加载模块:Public

[ 2018-07-23T11:02:40+08:00 ] 219.137.72.164 /Public/images/restaurantLogo/2018-07-10/5b445e35c4a8a.png
INFO: [ app_init ] --START--
INFO: Run Behavior\BuildLiteBehavior [ RunTime:0.000020s ]
INFO: [ app_init ] --END-- [ RunTime:0.000514s ]
ERR: 无法加载模块:Public

[ 2018-07-23T11:02:41+08:00 ] 219.137.72.164 /Application/Admin/Uploads/
INFO: [ app_init ] --START--
INFO: Run Behavior\BuildLiteBehavior [ RunTime:0.000019s ]
INFO: [ app_init ] --END-- [ RunTime:0.000354s ]
ERR: 无法加载模块:Errpage

[ 2018-07-23T11:02:41+08:00 ] 219.137.72.164 /Application/Admin/Uploads/upadvert_shu/5a618e2bb5aa5.jpg
INFO: [ app_init ] --START--
INFO: Run Behavior\BuildLiteBehavior [ RunTime:0.000015s ]
INFO: [ app_init ] --END-- [ RunTime:0.000325s ]
ERR: 无法加载模块:Application

[ 2018-07-23T11:02:41+08:00 ] 219.137.72.164 /Application/Admin/Uploads/upadvert_showNum/5a60688de67e3.jpg
INFO: [ app_init ] --START--
INFO: Run Behavior\BuildLiteBehavior [ RunTime:0.000014s ]
INFO: [ app_init ] --END-- [ RunTime:0.000336s ]
ERR: 无法加载模块:Application

[ 2018-07-23T11:02:41+08:00 ] 219.137.72.164 /Application/Admin/Uploads/upadvert_showNum/5a60687949a9a.jpg
INFO: [ app_init ] --START--
INFO: Run Behavior\BuildLiteBehavior [ RunTime:0.000015s ]
INFO: [ app_init ] --END-- [ RunTime:0.002291s ]
ERR: 无法加载模块:Application

[ 2018-07-23T11:02:41+08:00 ] 219.137.72.164 /Application/Admin/Uploads/upadvert_shu/5a618e357b6a6.jpg
INFO: [ app_init ] --START--
INFO: Run Behavior\BuildLiteBehavior [ RunTime:0.000016s ]
INFO: [ app_init ] --END-- [ RunTime:0.000345s ]
ERR: 无法加载模块:Application

[ 2018-07-23T11:02:41+08:00 ] 219.137.72.164 /Application/Admin/Uploads/upadvert_showNum/5a683c9fd76ba.jpg
INFO: [ app_init ] --START--
INFO: Run Behavior\BuildLiteBehavior [ RunTime:0.000018s ]
INFO: [ app_init ] --END-- [ RunTime:0.000356s ]
ERR: 无法加载模块:Application

[ 2018-07-23T11:02:41+08:00 ] 219.137.72.164 /Application/Admin/Uploads/upadvert_showNum/5a683c27ca489.png
INFO: [ app_init ] --START--
INFO: Run Behavior\BuildLiteBehavior [ RunTime:0.000018s ]
INFO: [ app_init ] --END-- [ RunTime:0.000348s ]
ERR: 无法加载模块:Application

[ 2018-07-23T11:02:41+08:00 ] 219.137.72.164 /Application/Admin/Uploads/upadvert_showNum/5a683c79013ee.jpg
INFO: [ app_init ] --START--
INFO: Run Behavior\BuildLiteBehavior [ RunTime:0.000021s ]
INFO: [ app_init ] --END-- [ RunTime:0.009357s ]
ERR: 无法加载模块:Application

[ 2018-07-23T11:02:41+08:00 ] 219.137.72.164 /Application/Admin/Uploads/upadvert_showNum/5a68474c02cfc.jpg
INFO: [ app_init ] --START--
INFO: Run Behavior\BuildLiteBehavior [ RunTime:0.000031s ]
INFO: [ app_init ] --END-- [ RunTime:0.000388s ]
ERR: 无法加载模块:Application

[ 2018-07-23T11:02:41+08:00 ] 219.137.72.164 /Application/Admin/Uploads/upadvert_showNum/5a68474534c25.jpg
INFO: [ app_init ] --START--
INFO: Run Behavior\BuildLiteBehavior [ RunTime:0.000015s ]
INFO: [ app_init ] --END-- [ RunTime:0.000332s ]
ERR: 无法加载模块:Application

[ 2018-07-23T11:02:41+08:00 ] 219.137.72.164 /Application/Admin/Uploads/upadvert_showNum/5a683cf20bd7a.jpg
INFO: [ app_init ] --START--
INFO: Run Behavior\BuildLiteBehavior [ RunTime:0.000015s ]
INFO: [ app_init ] --END-- [ RunTime:0.000406s ]
ERR: 无法加载模块:Application

[ 2018-07-23T11:02:41+08:00 ] 219.137.72.164 /Application/Admin/Uploads/upadvert_showNum/5a683ce578ab8.jpg
INFO: [ app_init ] --START--
INFO: Run Behavior\BuildLiteBehavior [ RunTime:0.000027s ]
INFO: [ app_init ] --END-- [ RunTime:0.000332s ]
ERR: 无法加载模块:Application

[ 2018-07-23T11:02:42+08:00 ] 219.137.72.164 /Application/Admin/Uploads/upadvert_showNum/5a60687949a9a.jpg
INFO: [ app_init ] --START--
INFO: Run Behavior\BuildLiteBehavior [ RunTime:0.000015s ]
INFO: [ app_init ] --END-- [ RunTime:0.000368s ]
ERR: 无法加载模块:Application

[ 2018-07-23T11:02:42+08:00 ] 219.137.72.164 /Application/Admin/Uploads/upadvert_showNum/5a683c27ca489.png
INFO: [ app_init ] --START--
INFO: Run Behavior\BuildLiteBehavior [ RunTime:0.000015s ]
INFO: [ app_init ] --END-- [ RunTime:0.000322s ]
ERR: 无法加载模块:Application

[ 2018-07-23T11:02:42+08:00 ] 219.137.72.164 /Application/Admin/Uploads/upadvert_showNum/5a60688de67e3.jpg
INFO: [ app_init ] --START--
INFO: Run Behavior\BuildLiteBehavior [ RunTime:0.000019s ]
INFO: [ app_init ] --END-- [ RunTime:0.000334s ]
ERR: 无法加载模块:Application

[ 2018-07-23T11:02:42+08:00 ] 219.137.72.164 /Application/Admin/Uploads/upadvert_shu/5a618e2bb5aa5.jpg
INFO: [ app_init ] --START--
INFO: Run Behavior\BuildLiteBehavior [ RunTime:0.000016s ]
INFO: [ app_init ] --END-- [ RunTime:0.000340s ]
ERR: 无法加载模块:Application

[ 2018-07-23T11:02:42+08:00 ] 219.137.72.164 /Application/Admin/Uploads/
INFO: [ app_init ] --START--
INFO: Run Behavior\BuildLiteBehavior [ RunTime:0.000015s ]
INFO: [ app_init ] --END-- [ RunTime:0.000339s ]
ERR: 无法加载模块:Errpage

[ 2018-07-23T11:02:42+08:00 ] 219.137.72.164 /Application/Admin/Uploads/upadvert_shu/5a618e357b6a6.jpg
INFO: [ app_init ] --START--
INFO: Run Behavior\BuildLiteBehavior [ RunTime:0.000020s ]
INFO: [ app_init ] --END-- [ RunTime:0.000469s ]
ERR: 无法加载模块:Application

[ 2018-07-23T11:02:42+08:00 ] 219.137.72.164 /Application/Admin/Uploads/upadvert_showNum/5a683c79013ee.jpg
INFO: [ app_init ] --START--
INFO: Run Behavior\BuildLiteBehavior [ RunTime:0.000014s ]
INFO: [ app_init ] --END-- [ RunTime:0.000332s ]
ERR: 无法加载模块:Application

[ 2018-07-23T11:02:42+08:00 ] 219.137.72.164 /Application/Admin/Uploads/upadvert_showNum/5a68474534c25.jpg
INFO: [ app_init ] --START--
INFO: Run Behavior\BuildLiteBehavior [ RunTime:0.000018s ]
INFO: [ app_init ] --END-- [ RunTime:0.000412s ]
ERR: 无法加载模块:Application

[ 2018-07-23T11:02:42+08:00 ] 219.137.72.164 /Application/Admin/Uploads/upadvert_showNum/5a683cf20bd7a.jpg
INFO: [ app_init ] --START--
INFO: Run Behavior\BuildLiteBehavior [ RunTime:0.000013s ]
INFO: [ app_init ] --END-- [ RunTime:0.000351s ]
ERR: 无法加载模块:Application

[ 2018-07-23T11:02:42+08:00 ] 219.137.72.164 /Application/Admin/Uploads/upadvert_showNum/5a683c9fd76ba.jpg
INFO: [ app_init ] --START--
INFO: Run Behavior\BuildLiteBehavior [ RunTime:0.000015s ]
INFO: [ app_init ] --END-- [ RunTime:0.000346s ]
ERR: 无法加载模块:Application

[ 2018-07-23T11:02:42+08:00 ] 219.137.72.164 /Application/Admin/Uploads/upadvert_showNum/5a68474c02cfc.jpg
INFO: [ app_init ] --START--
INFO: Run Behavior\BuildLiteBehavior [ RunTime:0.000026s ]
INFO: [ app_init ] --END-- [ RunTime:0.000396s ]
ERR: 无法加载模块:Application

[ 2018-07-23T11:02:42+08:00 ] 219.137.72.164 /Application/Admin/Uploads/upadvert_showNum/5a683ce578ab8.jpg
INFO: [ app_init ] --START--
INFO: Run Behavior\BuildLiteBehavior [ RunTime:0.000015s ]
INFO: [ app_init ] --END-- [ RunTime:0.000325s ]
ERR: 无法加载模块:Application

[ 2018-07-23T11:02:43+08:00 ] 219.137.72.164 /Application/Admin/Uploads/upadvert_showNum/5a60687949a9a.jpg
INFO: [ app_init ] --START--
INFO: Run Behavior\BuildLiteBehavior [ RunTime:0.000018s ]
INFO: [ app_init ] --END-- [ RunTime:0.000371s ]
ERR: 无法加载模块:Application

[ 2018-07-23T11:02:43+08:00 ] 219.137.72.164 /Application/Admin/Uploads/upadvert_shu/5a618e2bb5aa5.jpg
INFO: [ app_init ] --START--
INFO: Run Behavior\BuildLiteBehavior [ RunTime:0.000016s ]
INFO: [ app_init ] --END-- [ RunTime:0.002328s ]
ERR: 无法加载模块:Application

[ 2018-07-23T11:02:43+08:00 ] 219.137.72.164 /Application/Admin/Uploads/upadvert_showNum/5a60688de67e3.jpg
INFO: [ app_init ] --START--
INFO: Run Behavior\BuildLiteBehavior [ RunTime:0.000021s ]
INFO: [ app_init ] --END-- [ RunTime:0.000425s ]
ERR: 无法加载模块:Application

[ 2018-07-23T11:02:43+08:00 ] 219.137.72.164 /Application/Admin/Uploads/
INFO: [ app_init ] --START--
INFO: Run Behavior\BuildLiteBehavior [ RunTime:0.000015s ]
INFO: [ app_init ] --END-- [ RunTime:0.000433s ]
ERR: 无法加载模块:Errpage

[ 2018-07-23T11:02:43+08:00 ] 219.137.72.164 /Application/Admin/Uploads/upadvert_shu/5a618e357b6a6.jpg
INFO: [ app_init ] --START--
INFO: Run Behavior\BuildLiteBehavior [ RunTime:0.000023s ]
INFO: [ app_init ] --END-- [ RunTime:0.000596s ]
ERR: 无法加载模块:Application

[ 2018-07-23T11:02:43+08:00 ] 219.137.72.164 /Application/Admin/Uploads/upadvert_showNum/5a683c27ca489.png
INFO: [ app_init ] --START--
INFO: Run Behavior\BuildLiteBehavior [ RunTime:0.000019s ]
INFO: [ app_init ] --END-- [ RunTime:0.001817s ]
ERR: 无法加载模块:Application

[ 2018-07-23T11:02:43+08:00 ] 219.137.72.164 /Application/Admin/Uploads/upadvert_showNum/5a683c9fd76ba.jpg
INFO: [ app_init ] --START--
INFO: Run Behavior\BuildLiteBehavior [ RunTime:0.000014s ]
INFO: [ app_init ] --END-- [ RunTime:0.000328s ]
ERR: 无法加载模块:Application

[ 2018-07-23T11:02:43+08:00 ] 219.137.72.164 /Application/Admin/Uploads/upadvert_showNum/5a683ce578ab8.jpg
INFO: [ app_init ] --START--
INFO: Run Behavior\BuildLiteBehavior [ RunTime:0.000082s ]
INFO: [ app_init ] --END-- [ RunTime:0.000409s ]
ERR: 无法加载模块:Application

[ 2018-07-23T11:02:43+08:00 ] 219.137.72.164 /Application/Admin/Uploads/upadvert_showNum/5a683c79013ee.jpg
INFO: [ app_init ] --START--
INFO: Run Behavior\BuildLiteBehavior [ RunTime:0.000017s ]
INFO: [ app_init ] --END-- [ RunTime:0.000346s ]
ERR: 无法加载模块:Application

[ 2018-07-23T11:02:43+08:00 ] 219.137.72.164 /Application/Admin/Uploads/upadvert_showNum/5a68474534c25.jpg
INFO: [ app_init ] --START--
INFO: Run Behavior\BuildLiteBehavior [ RunTime:0.000014s ]
INFO: [ app_init ] --END-- [ RunTime:0.000500s ]
ERR: 无法加载模块:Application

[ 2018-07-23T11:02:43+08:00 ] 219.137.72.164 /Application/Admin/Uploads/upadvert_showNum/5a683cf20bd7a.jpg
INFO: [ app_init ] --START--
INFO: Run Behavior\BuildLiteBehavior [ RunTime:0.000028s ]
INFO: [ app_init ] --END-- [ RunTime:0.000355s ]
ERR: 无法加载模块:Application

[ 2018-07-23T11:02:43+08:00 ] 219.137.72.164 /Application/Admin/Uploads/upadvert_showNum/5a68474c02cfc.jpg
INFO: [ app_init ] --START--
INFO: Run Behavior\BuildLiteBehavior [ RunTime:0.000021s ]
INFO: [ app_init ] --END-- [ RunTime:0.000377s ]
ERR: 无法加载模块:Application

[ 2018-07-23T14:03:31+08:00 ] 219.137.72.164 /Public/images/restaurantLogo/2018-07-10/5b445e24ebcc0.png
INFO: [ app_init ] --START--
INFO: Run Behavior\BuildLiteBehavior [ RunTime:0.000016s ]
INFO: [ app_init ] --END-- [ RunTime:0.000386s ]
ERR: 无法加载模块:Public

[ 2018-07-23T14:03:31+08:00 ] 219.137.72.164 /Public/images/restaurantLogo/2018-07-10/5b445e35c4a8a.png
INFO: [ app_init ] --START--
INFO: Run Behavior\BuildLiteBehavior [ RunTime:0.000024s ]
INFO: [ app_init ] --END-- [ RunTime:0.000370s ]
ERR: 无法加载模块:Public

[ 2018-07-23T14:17:54+08:00 ] 219.137.72.164 /Public/images/restaurantLogo/2018-07-10/5b445e24ebcc0.png
INFO: [ app_init ] --START--
INFO: Run Behavior\BuildLiteBehavior [ RunTime:0.000024s ]
INFO: [ app_init ] --END-- [ RunTime:0.000547s ]
ERR: 无法加载模块:Public

[ 2018-07-23T14:17:54+08:00 ] 219.137.72.164 /Public/images/restaurantLogo/2018-07-10/5b445e35c4a8a.png
INFO: [ app_init ] --START--
INFO: Run Behavior\BuildLiteBehavior [ RunTime:0.000016s ]
INFO: [ app_init ] --END-- [ RunTime:0.000485s ]
ERR: 无法加载模块:Public

[ 2018-07-23T14:46:26+08:00 ] 219.137.72.164 /favicon.ico
INFO: [ app_init ] --START--
INFO: Run Behavior\BuildLiteBehavior [ RunTime:0.000018s ]
INFO: [ app_init ] --END-- [ RunTime:0.000337s ]
ERR: 无法加载模块:Favicon

[ 2018-07-23T15:58:12+08:00 ] 116.23.19.200 /Public/images/restaurantLogo/2018-07-10/5b445e24ebcc0.png
INFO: [ app_init ] --START--
INFO: Run Behavior\BuildLiteBehavior [ RunTime:0.000015s ]
INFO: [ app_init ] --END-- [ RunTime:0.000318s ]
ERR: 无法加载模块:Public

[ 2018-07-23T15:58:12+08:00 ] 116.23.19.200 /Public/images/restaurantLogo/2018-07-10/5b445e35c4a8a.png
INFO: [ app_init ] --START--
INFO: Run Behavior\BuildLiteBehavior [ RunTime:0.000048s ]
INFO: [ app_init ] --END-- [ RunTime:0.000375s ]
ERR: 无法加载模块:Public

[ 2018-07-23T15:59:50+08:00 ] 116.23.19.200 /Public/images/restaurantLogo/2017-12-25/5a40b07945f54.jpg
INFO: [ app_init ] --START--
INFO: Run Behavior\BuildLiteBehavior [ RunTime:0.000025s ]
INFO: [ app_init ] --END-- [ RunTime:0.000545s ]
ERR: 无法加载模块:Public

[ 2018-07-23T15:59:50+08:00 ] 116.23.19.200 /Public/images/restaurantLogo/2017-12-25/5a40b036e7c5e.jpg
INFO: [ app_init ] --START--
INFO: Run Behavior\BuildLiteBehavior [ RunTime:0.000019s ]
INFO: [ app_init ] --END-- [ RunTime:0.000380s ]
ERR: 无法加载模块:Public

[ 2018-07-23T16:02:45+08:00 ] 116.23.19.200 /Public/images/restaurantLogo/2018-07-23/5b558ba4d870a.png
INFO: [ app_init ] --START--
INFO: Run Behavior\BuildLiteBehavior [ RunTime:0.000015s ]
INFO: [ app_init ] --END-- [ RunTime:0.000346s ]
ERR: 无法加载模块:Public

[ 2018-07-23T16:03:36+08:00 ] 116.23.19.200 /Public/images/restaurantLogo/2018-07-23/5b558bd8dd0c7.png
INFO: [ app_init ] --START--
INFO: Run Behavior\BuildLiteBehavior [ RunTime:0.000018s ]
INFO: [ app_init ] --END-- [ RunTime:0.000415s ]
ERR: 无法加载模块:Public

[ 2018-07-23T16:03:48+08:00 ] 116.23.19.200 /Public/images/restaurantLogo/2018-07-23/5b558bd8dd0c7.png
INFO: [ app_init ] --START--
INFO: Run Behavior\BuildLiteBehavior [ RunTime:0.000019s ]
INFO: [ app_init ] --END-- [ RunTime:0.000335s ]
ERR: 无法加载模块:Public

[ 2018-07-23T16:03:48+08:00 ] 116.23.19.200 /Public/images/restaurantLogo/2018-07-23/5b558be452373.png
INFO: [ app_init ] --START--
INFO: Run Behavior\BuildLiteBehavior [ RunTime:0.000026s ]
INFO: [ app_init ] --END-- [ RunTime:0.000416s ]
ERR: 无法加载模块:Public

[ 2018-07-23T16:03:48+08:00 ] 116.23.19.200 /Public/images/restaurantLogo/2018-07-23/5b558bd8dd0c7.png
INFO: [ app_init ] --START--
INFO: Run Behavior\BuildLiteBehavior [ RunTime:0.000040s ]
INFO: [ app_init ] --END-- [ RunTime:0.000517s ]
ERR: 无法加载模块:Public

[ 2018-07-23T16:04:11+08:00 ] 116.23.19.200 /Public/images/restaurantLogo/2018-07-23/5b558ba4d870a.png
INFO: [ app_init ] --START--
INFO: Run Behavior\BuildLiteBehavior [ RunTime:0.000016s ]
INFO: [ app_init ] --END-- [ RunTime:0.000416s ]
ERR: 无法加载模块:Public

[ 2018-07-23T16:04:44+08:00 ] 116.23.19.200 /Public/images/restaurantLogo/2018-07-23/5b558c1cb93b4.png
INFO: [ app_init ] --START--
INFO: Run Behavior\BuildLiteBehavior [ RunTime:0.000015s ]
INFO: [ app_init ] --END-- [ RunTime:0.000375s ]
ERR: 无法加载模块:Public

[ 2018-07-23T16:04:45+08:00 ] 116.23.19.200 /Public/images/restaurantLogo/2018-07-23/5b558c1cb93b4.png
INFO: [ app_init ] --START--
INFO: Run Behavior\BuildLiteBehavior [ RunTime:0.000028s ]
INFO: [ app_init ] --END-- [ RunTime:0.000592s ]
ERR: 无法加载模块:Public

[ 2018-07-23T16:05:31+08:00 ] 116.23.19.200 /Public/images/restaurantLogo/2018-07-23/5b558c1cb93b4.png
INFO: [ app_init ] --START--
INFO: Run Behavior\BuildLiteBehavior [ RunTime:0.000025s ]
INFO: [ app_init ] --END-- [ RunTime:0.000643s ]
ERR: 无法加载模块:Public

[ 2018-07-23T16:05:31+08:00 ] 116.23.19.200 /Public/images/restaurantLogo/2018-07-23/5b558c4ab1ebc.png
INFO: [ app_init ] --START--
INFO: Run Behavior\BuildLiteBehavior [ RunTime:0.000023s ]
INFO: [ app_init ] --END-- [ RunTime:0.000519s ]
ERR: 无法加载模块:Public

[ 2018-07-23T16:05:31+08:00 ] 116.23.19.200 /Public/images/restaurantLogo/2018-07-23/5b558c4ab1ebc.png
INFO: [ app_init ] --START--
INFO: Run Behavior\BuildLiteBehavior [ RunTime:0.000020s ]
INFO: [ app_init ] --END-- [ RunTime:0.000433s ]
ERR: 无法加载模块:Public

[ 2018-07-23T16:05:31+08:00 ] 116.23.19.200 /Public/images/restaurantLogo/2018-07-23/5b558c1cb93b4.png
INFO: [ app_init ] --START--
INFO: Run Behavior\BuildLiteBehavior [ RunTime:0.000022s ]
INFO: [ app_init ] --END-- [ RunTime:0.000753s ]
ERR: 无法加载模块:Public

[ 2018-07-23T16:05:33+08:00 ] 116.23.19.200 /Public/images/restaurantLogo/2017-12-25/5a40b07945f54.jpg
INFO: [ app_init ] --START--
INFO: Run Behavior\BuildLiteBehavior [ RunTime:0.000020s ]
INFO: [ app_init ] --END-- [ RunTime:0.000454s ]
ERR: 无法加载模块:Public

[ 2018-07-23T16:05:33+08:00 ] 116.23.19.200 /Public/images/restaurantLogo/2017-12-25/5a40b036e7c5e.jpg
INFO: [ app_init ] --START--
INFO: Run Behavior\BuildLiteBehavior [ RunTime:0.000016s ]
INFO: [ app_init ] --END-- [ RunTime:0.000424s ]
ERR: 无法加载模块:Public

[ 2018-07-23T16:06:04+08:00 ] 116.23.19.200 /Public/images/restaurantLogo/2018-07-23/5b558c4ab1ebc.png
INFO: [ app_init ] --START--
INFO: Run Behavior\BuildLiteBehavior [ RunTime:0.000019s ]
INFO: [ app_init ] --END-- [ RunTime:0.000424s ]
ERR: 无法加载模块:Public

[ 2018-07-23T16:06:04+08:00 ] 116.23.19.200 /Public/images/restaurantLogo/2018-07-23/5b558c1cb93b4.png
INFO: [ app_init ] --START--
INFO: Run Behavior\BuildLiteBehavior [ RunTime:0.000017s ]
INFO: [ app_init ] --END-- [ RunTime:0.000353s ]
ERR: 无法加载模块:Public

[ 2018-07-23T16:07:08+08:00 ] 116.23.19.200 /Public/images/restaurantLogo/2017-12-25/5a40b07945f54.jpg
INFO: [ app_init ] --START--
INFO: Run Behavior\BuildLiteBehavior [ RunTime:0.000016s ]
INFO: [ app_init ] --END-- [ RunTime:0.000363s ]
ERR: 无法加载模块:Public

[ 2018-07-23T16:07:08+08:00 ] 116.23.19.200 /Public/images/restaurantLogo/2017-12-25/5a40b036e7c5e.jpg
INFO: [ app_init ] --START--
INFO: Run Behavior\BuildLiteBehavior [ RunTime:0.000015s ]
INFO: [ app_init ] --END-- [ RunTime:0.000347s ]
ERR: 无法加载模块:Public

[ 2018-07-23T16:07:36+08:00 ] 116.23.19.200 /Public/images/restaurantLogo/2017-12-25/5a40b07945f54.jpg
INFO: [ app_init ] --START--
INFO: Run Behavior\BuildLiteBehavior [ RunTime:0.000016s ]
INFO: [ app_init ] --END-- [ RunTime:0.000391s ]
ERR: 无法加载模块:Public

[ 2018-07-23T16:07:36+08:00 ] 116.23.19.200 /Public/images/restaurantLogo/2017-12-25/5a40b036e7c5e.jpg
INFO: [ app_init ] --START--
INFO: Run Behavior\BuildLiteBehavior [ RunTime:0.000020s ]
INFO: [ app_init ] --END-- [ RunTime:0.000437s ]
ERR: 无法加载模块:Public

[ 2018-07-23T16:09:00+08:00 ] 116.23.19.200 /Public/images/restaurantLogo/2017-12-25/5a40b07945f54.jpg
INFO: [ app_init ] --START--
INFO: Run Behavior\BuildLiteBehavior [ RunTime:0.000025s ]
INFO: [ app_init ] --END-- [ RunTime:0.000528s ]
ERR: 无法加载模块:Public

[ 2018-07-23T16:09:00+08:00 ] 116.23.19.200 /Public/images/restaurantLogo/2017-12-25/5a40b036e7c5e.jpg
INFO: [ app_init ] --START--
INFO: Run Behavior\BuildLiteBehavior [ RunTime:0.000013s ]
INFO: [ app_init ] --END-- [ RunTime:0.000311s ]
ERR: 无法加载模块:Public

[ 2018-07-23T16:09:03+08:00 ] 116.23.19.200 /Public/images/restaurantLogo/2018-07-10/5b445e24ebcc0.png
INFO: [ app_init ] --START--
INFO: Run Behavior\BuildLiteBehavior [ RunTime:0.000015s ]
INFO: [ app_init ] --END-- [ RunTime:0.000342s ]
ERR: 无法加载模块:Public

[ 2018-07-23T16:09:03+08:00 ] 116.23.19.200 /Public/images/restaurantLogo/2018-07-10/5b445e35c4a8a.png
INFO: [ app_init ] --START--
INFO: Run Behavior\BuildLiteBehavior [ RunTime:0.000018s ]
INFO: [ app_init ] --END-- [ RunTime:0.000396s ]
ERR: 无法加载模块:Public

[ 2018-07-23T16:09:18+08:00 ] 116.23.19.200 /Public/images/restaurantLogo/2018-07-10/5b445e24ebcc0.png
INFO: [ app_init ] --START--
INFO: Run Behavior\BuildLiteBehavior [ RunTime:0.000017s ]
INFO: [ app_init ] --END-- [ RunTime:0.000341s ]
ERR: 无法加载模块:Public

[ 2018-07-23T16:09:18+08:00 ] 116.23.19.200 /Public/images/restaurantLogo/2018-07-10/5b445e35c4a8a.png
INFO: [ app_init ] --START--
INFO: Run Behavior\BuildLiteBehavior [ RunTime:0.000013s ]
INFO: [ app_init ] --END-- [ RunTime:0.000372s ]
ERR: 无法加载模块:Public

[ 2018-07-23T16:12:28+08:00 ] 116.23.19.200 /Public/images/restaurantLogo/2018-07-23/5b558c1cb93b4.png
INFO: [ app_init ] --START--
INFO: Run Behavior\BuildLiteBehavior [ RunTime:0.000016s ]
INFO: [ app_init ] --END-- [ RunTime:0.000419s ]
ERR: 无法加载模块:Public

[ 2018-07-23T16:12:28+08:00 ] 116.23.19.200 /Public/images/restaurantLogo/2018-07-23/5b558c4ab1ebc.png
INFO: [ app_init ] --START--
INFO: Run Behavior\BuildLiteBehavior [ RunTime:0.000031s ]
INFO: [ app_init ] --END-- [ RunTime:0.000663s ]
ERR: 无法加载模块:Public

[ 2018-07-23T16:13:12+08:00 ] 116.23.19.200 /Public/images/restaurantLogo/2017-12-25/5a40b036e7c5e.jpg
INFO: [ app_init ] --START--
INFO: Run Behavior\BuildLiteBehavior [ RunTime:0.000019s ]
INFO: [ app_init ] --END-- [ RunTime:0.000463s ]
ERR: 无法加载模块:Public

[ 2018-07-23T16:13:12+08:00 ] 116.23.19.200 /Public/images/restaurantLogo/2017-12-25/5a40b07945f54.jpg
INFO: [ app_init ] --START--
INFO: Run Behavior\BuildLiteBehavior [ RunTime:0.000024s ]
INFO: [ app_init ] --END-- [ RunTime:0.000555s ]
ERR: 无法加载模块:Public

[ 2018-07-23T16:15:36+08:00 ] 116.23.19.200 /Public/images/restaurantLogo/2017-12-25/5a40b07945f54.jpg
INFO: [ app_init ] --START--
INFO: Run Behavior\BuildLiteBehavior [ RunTime:0.000015s ]
INFO: [ app_init ] --END-- [ RunTime:0.000338s ]
ERR: 无法加载模块:Public

[ 2018-07-23T16:15:36+08:00 ] 116.23.19.200 /Public/images/restaurantLogo/2017-12-25/5a40b036e7c5e.jpg
INFO: [ app_init ] --START--
INFO: Run Behavior\BuildLiteBehavior [ RunTime:0.000031s ]
INFO: [ app_init ] --END-- [ RunTime:0.000343s ]
ERR: 无法加载模块:Public

[ 2018-07-23T16:15:57+08:00 ] 116.23.19.200 /Public/images/restaurantLogo/2017-12-25/5a40b07945f54.jpg
INFO: [ app_init ] --START--
INFO: Run Behavior\BuildLiteBehavior [ RunTime:0.000032s ]
INFO: [ app_init ] --END-- [ RunTime:0.000462s ]
ERR: 无法加载模块:Public

[ 2018-07-23T16:15:58+08:00 ] 116.23.19.200 /Public/images/restaurantLogo/2017-12-25/5a40b036e7c5e.jpg
INFO: [ app_init ] --START--
INFO: Run Behavior\BuildLiteBehavior [ RunTime:0.000027s ]
INFO: [ app_init ] --END-- [ RunTime:0.000568s ]
ERR: 无法加载模块:Public

[ 2018-07-23T16:16:03+08:00 ] 116.23.19.200 /Public/images/restaurantLogo/2017-12-25/5a40b07945f54.jpg
INFO: [ app_init ] --START--
INFO: Run Behavior\BuildLiteBehavior [ RunTime:0.000017s ]
INFO: [ app_init ] --END-- [ RunTime:0.000949s ]
ERR: 无法加载模块:Public

[ 2018-07-23T16:16:03+08:00 ] 116.23.19.200 /Public/images/restaurantLogo/2017-12-25/5a40b036e7c5e.jpg
INFO: [ app_init ] --START--
INFO: Run Behavior\BuildLiteBehavior [ RunTime:0.000014s ]
INFO: [ app_init ] --END-- [ RunTime:0.000308s ]
ERR: 无法加载模块:Public

[ 2018-07-23T16:16:11+08:00 ] 116.23.19.200 /Public/images/restaurantLogo/2017-12-25/5a40b07945f54.jpg
INFO: [ app_init ] --START--
INFO: Run Behavior\BuildLiteBehavior [ RunTime:0.000015s ]
INFO: [ app_init ] --END-- [ RunTime:0.000346s ]
ERR: 无法加载模块:Public

[ 2018-07-23T16:16:11+08:00 ] 116.23.19.200 /Public/images/restaurantLogo/2017-12-25/5a40b036e7c5e.jpg
INFO: [ app_init ] --START--
INFO: Run Behavior\BuildLiteBehavior [ RunTime:0.000013s ]
INFO: [ app_init ] --END-- [ RunTime:0.000353s ]
ERR: 无法加载模块:Public

[ 2018-07-23T16:16:17+08:00 ] 116.23.19.200 /Public/images/restaurantLogo/2018-07-10/5b445e24ebcc0.png
INFO: [ app_init ] --START--
INFO: Run Behavior\BuildLiteBehavior [ RunTime:0.000018s ]
INFO: [ app_init ] --END-- [ RunTime:0.000372s ]
ERR: 无法加载模块:Public

[ 2018-07-23T16:16:17+08:00 ] 116.23.19.200 /Public/images/restaurantLogo/2018-07-10/5b445e35c4a8a.png
INFO: [ app_init ] --START--
INFO: Run Behavior\BuildLiteBehavior [ RunTime:0.000041s ]
INFO: [ app_init ] --END-- [ RunTime:0.000648s ]
ERR: 无法加载模块:Public

[ 2018-07-23T16:16:39+08:00 ] 116.23.19.200 /Public/images/restaurantLogo/2017-12-25/5a40b07945f54.jpg
INFO: [ app_init ] --START--
INFO: Run Behavior\BuildLiteBehavior [ RunTime:0.000020s ]
INFO: [ app_init ] --END-- [ RunTime:0.000408s ]
ERR: 无法加载模块:Public

[ 2018-07-23T16:16:39+08:00 ] 116.23.19.200 /Public/images/restaurantLogo/2017-12-25/5a40b036e7c5e.jpg
INFO: [ app_init ] --START--
INFO: Run Behavior\BuildLiteBehavior [ RunTime:0.000013s ]
INFO: [ app_init ] --END-- [ RunTime:0.000326s ]
ERR: 无法加载模块:Public

[ 2018-07-23T16:17:59+08:00 ] 116.23.19.200 /Public/images/restaurantLogo/2018-07-10/5b445e24ebcc0.png
INFO: [ app_init ] --START--
INFO: Run Behavior\BuildLiteBehavior [ RunTime:0.000029s ]
INFO: [ app_init ] --END-- [ RunTime:0.000534s ]
ERR: 无法加载模块:Public

[ 2018-07-23T16:17:59+08:00 ] 116.23.19.200 /Public/images/restaurantLogo/2018-07-10/5b445e35c4a8a.png
INFO: [ app_init ] --START--
INFO: Run Behavior\BuildLiteBehavior [ RunTime:0.000022s ]
INFO: [ app_init ] --END-- [ RunTime:0.000437s ]
ERR: 无法加载模块:Public

[ 2018-07-23T16:27:18+08:00 ] 116.23.19.200 /Public/images/restaurantLogo/2017-12-25/5a40b07945f54.jpg
INFO: [ app_init ] --START--
INFO: Run Behavior\BuildLiteBehavior [ RunTime:0.000018s ]
INFO: [ app_init ] --END-- [ RunTime:0.000415s ]
ERR: 无法加载模块:Public

[ 2018-07-23T16:27:18+08:00 ] 116.23.19.200 /Public/images/restaurantLogo/2017-12-25/5a40b036e7c5e.jpg
INFO: [ app_init ] --START--
INFO: Run Behavior\BuildLiteBehavior [ RunTime:0.000014s ]
INFO: [ app_init ] --END-- [ RunTime:0.000341s ]
ERR: 无法加载模块:Public

[ 2018-07-23T16:27:23+08:00 ] 116.23.19.200 /Public/images/restaurantLogo/2017-12-25/5a40b036e7c5e.jpg
INFO: [ app_init ] --START--
INFO: Run Behavior\BuildLiteBehavior [ RunTime:0.000021s ]
INFO: [ app_init ] --END-- [ RunTime:0.000375s ]
ERR: 无法加载模块:Public

[ 2018-07-23T16:27:23+08:00 ] 116.23.19.200 /Public/images/restaurantLogo/2017-12-25/5a40b07945f54.jpg
INFO: [ app_init ] --START--
INFO: Run Behavior\BuildLiteBehavior [ RunTime:0.000019s ]
INFO: [ app_init ] --END-- [ RunTime:0.000455s ]
ERR: 无法加载模块:Public

[ 2018-07-23T16:27:23+08:00 ] 116.23.19.200 /Public/images/restaurantLogo/2017-12-25/5a40b07945f54.jpg
INFO: [ app_init ] --START--
INFO: Run Behavior\BuildLiteBehavior [ RunTime:0.000014s ]
INFO: [ app_init ] --END-- [ RunTime:0.000317s ]
ERR: 无法加载模块:Public

[ 2018-07-23T16:27:23+08:00 ] 116.23.19.200 /Public/images/restaurantLogo/2017-12-25/5a40b036e7c5e.jpg
INFO: [ app_init ] --START--
INFO: Run Behavior\BuildLiteBehavior [ RunTime:0.000014s ]
INFO: [ app_init ] --END-- [ RunTime:0.000365s ]
ERR: 无法加载模块:Public

[ 2018-07-23T16:27:24+08:00 ] 116.23.19.200 /Public/images/restaurantLogo/2017-12-25/5a40b07945f54.jpg
INFO: [ app_init ] --START--
INFO: Run Behavior\BuildLiteBehavior [ RunTime:0.000029s ]
INFO: [ app_init ] --END-- [ RunTime:0.000398s ]
ERR: 无法加载模块:Public

[ 2018-07-23T16:27:24+08:00 ] 116.23.19.200 /Public/images/restaurantLogo/2017-12-25/5a40b036e7c5e.jpg
INFO: [ app_init ] --START--
INFO: Run Behavior\BuildLiteBehavior [ RunTime:0.000014s ]
INFO: [ app_init ] --END-- [ RunTime:0.000418s ]
ERR: 无法加载模块:Public

[ 2018-07-23T16:27:24+08:00 ] 116.23.19.200 /Public/images/restaurantLogo/2017-12-25/5a40b036e7c5e.jpg
INFO: [ app_init ] --START--
INFO: Run Behavior\BuildLiteBehavior [ RunTime:0.000027s ]
INFO: [ app_init ] --END-- [ RunTime:0.000556s ]
ERR: 无法加载模块:Public

[ 2018-07-23T16:27:24+08:00 ] 116.23.19.200 /Public/images/restaurantLogo/2017-12-25/5a40b07945f54.jpg
INFO: [ app_init ] --START--
INFO: Run Behavior\BuildLiteBehavior [ RunTime:0.000019s ]
INFO: [ app_init ] --END-- [ RunTime:0.000919s ]
ERR: 无法加载模块:Public

[ 2018-07-23T16:29:02+08:00 ] 116.23.19.200 /Public/images/restaurantLogo/2017-12-25/5a40b07945f54.jpg
INFO: [ app_init ] --START--
INFO: Run Behavior\BuildLiteBehavior [ RunTime:0.000015s ]
INFO: [ app_init ] --END-- [ RunTime:0.000313s ]
ERR: 无法加载模块:Public

[ 2018-07-23T16:29:02+08:00 ] 116.23.19.200 /Public/images/restaurantLogo/2017-12-25/5a40b036e7c5e.jpg
INFO: [ app_init ] --START--
INFO: Run Behavior\BuildLiteBehavior [ RunTime:0.000013s ]
INFO: [ app_init ] --END-- [ RunTime:0.000304s ]
ERR: 无法加载模块:Public

[ 2018-07-23T16:29:40+08:00 ] 116.23.19.200 /favicon.ico
INFO: [ app_init ] --START--
INFO: Run Behavior\BuildLiteBehavior [ RunTime:0.000015s ]
INFO: [ app_init ] --END-- [ RunTime:0.000335s ]
ERR: 无法加载模块:Favicon

[ 2018-07-23T16:36:04+08:00 ] 116.23.19.200 /Public/images/restaurantLogo/2018-07-23/5b558c1cb93b4.png
INFO: [ app_init ] --START--
INFO: Run Behavior\BuildLiteBehavior [ RunTime:0.000019s ]
INFO: [ app_init ] --END-- [ RunTime:0.000462s ]
ERR: 无法加载模块:Public

[ 2018-07-23T16:36:04+08:00 ] 116.23.19.200 /Public/images/restaurantLogo/2018-07-23/5b558c4ab1ebc.png
INFO: [ app_init ] --START--
INFO: Run Behavior\BuildLiteBehavior [ RunTime:0.000021s ]
INFO: [ app_init ] --END-- [ RunTime:0.000375s ]
ERR: 无法加载模块:Public

[ 2018-07-23T16:37:01+08:00 ] 116.23.19.200 /Public/images/restaurantLogo/2018-07-23/5b558c1cb93b4.png
INFO: [ app_init ] --START--
INFO: Run Behavior\BuildLiteBehavior [ RunTime:0.000024s ]
INFO: [ app_init ] --END-- [ RunTime:0.000496s ]
ERR: 无法加载模块:Public

[ 2018-07-23T16:37:01+08:00 ] 116.23.19.200 /Public/images/restaurantLogo/2018-07-23/5b558c4ab1ebc.png
INFO: [ app_init ] --START--
INFO: Run Behavior\BuildLiteBehavior [ RunTime:0.000013s ]
INFO: [ app_init ] --END-- [ RunTime:0.000317s ]
ERR: 无法加载模块:Public

[ 2018-07-23T16:51:52+08:00 ] 116.23.19.200 /Public/images/restaurantLogo/2018-07-23/5b558c1cb93b4.png
INFO: [ app_init ] --START--
INFO: Run Behavior\BuildLiteBehavior [ RunTime:0.000016s ]
INFO: [ app_init ] --END-- [ RunTime:0.000402s ]
ERR: 无法加载模块:Public

[ 2018-07-23T16:51:52+08:00 ] 116.23.19.200 /Public/images/restaurantLogo/2018-07-23/5b558c4ab1ebc.png
INFO: [ app_init ] --START--
INFO: Run Behavior\BuildLiteBehavior [ RunTime:0.000014s ]
INFO: [ app_init ] --END-- [ RunTime:0.000391s ]
ERR: 无法加载模块:Public

[ 2018-07-23T16:52:08+08:00 ] 116.23.19.200 /Public/images/restaurantLogo/2018-07-23/5b558c1cb93b4.png
INFO: [ app_init ] --START--
INFO: Run Behavior\BuildLiteBehavior [ RunTime:0.000043s ]
INFO: [ app_init ] --END-- [ RunTime:0.000588s ]
ERR: 无法加载模块:Public

[ 2018-07-23T16:52:08+08:00 ] 116.23.19.200 /Public/images/restaurantLogo/2018-07-23/5b558c4ab1ebc.png
INFO: [ app_init ] --START--
INFO: Run Behavior\BuildLiteBehavior [ RunTime:0.000016s ]
INFO: [ app_init ] --END-- [ RunTime:0.000339s ]
ERR: 无法加载模块:Public

[ 2018-07-23T16:52:38+08:00 ] 116.23.19.200 /Public/images/restaurantLogo/2017-12-25/5a40b07945f54.jpg
INFO: [ app_init ] --START--
INFO: Run Behavior\BuildLiteBehavior [ RunTime:0.000018s ]
INFO: [ app_init ] --END-- [ RunTime:0.000343s ]
ERR: 无法加载模块:Public

[ 2018-07-23T16:52:38+08:00 ] 116.23.19.200 /Public/images/restaurantLogo/2017-12-25/5a40b036e7c5e.jpg
INFO: [ app_init ] --START--
INFO: Run Behavior\BuildLiteBehavior [ RunTime:0.000022s ]
INFO: [ app_init ] --END-- [ RunTime:0.000492s ]
ERR: 无法加载模块:Public

[ 2018-07-23T16:57:01+08:00 ] 116.23.19.200 /Public/images/restaurantLogo/2017-12-25/5a40b07945f54.jpg
INFO: [ app_init ] --START--
INFO: Run Behavior\BuildLiteBehavior [ RunTime:0.000031s ]
INFO: [ app_init ] --END-- [ RunTime:0.000430s ]
ERR: 无法加载模块:Public

[ 2018-07-23T16:57:01+08:00 ] 116.23.19.200 /Public/images/restaurantLogo/2017-12-25/5a40b036e7c5e.jpg
INFO: [ app_init ] --START--
INFO: Run Behavior\BuildLiteBehavior [ RunTime:0.000018s ]
INFO: [ app_init ] --END-- [ RunTime:0.000330s ]
ERR: 无法加载模块:Public

[ 2018-07-23T17:02:14+08:00 ] 116.23.19.200 /Application/Admin/Uploads/upfoodimg/5a1fa6487e02e.jpg
INFO: [ app_init ] --START--
INFO: Run Behavior\BuildLiteBehavior [ RunTime:0.000016s ]
INFO: [ app_init ] --END-- [ RunTime:0.000330s ]
ERR: 无法加载模块:Application

[ 2018-07-23T17:02:14+08:00 ] 116.23.19.200 /Application/Admin/Uploads/upfoodimg/5a1fa67dedeb7.jpg
INFO: [ app_init ] --START--
INFO: Run Behavior\BuildLiteBehavior [ RunTime:0.000017s ]
INFO: [ app_init ] --END-- [ RunTime:0.000373s ]
ERR: 无法加载模块:Application

[ 2018-07-23T17:02:15+08:00 ] 116.23.19.200 /Application/Admin/Uploads/upfoodimg/5a1fa6f45d7b6.jpg
INFO: [ app_init ] --START--
INFO: Run Behavior\BuildLiteBehavior [ RunTime:0.000017s ]
INFO: [ app_init ] --END-- [ RunTime:0.000333s ]
ERR: 无法加载模块:Application

[ 2018-07-23T17:02:58+08:00 ] 116.23.19.200 /Public/images/restaurantLogo/2018-07-10/5b445e24ebcc0.png
INFO: [ app_init ] --START--
INFO: Run Behavior\BuildLiteBehavior [ RunTime:0.000016s ]
INFO: [ app_init ] --END-- [ RunTime:0.000373s ]
ERR: 无法加载模块:Public

[ 2018-07-23T17:02:58+08:00 ] 116.23.19.200 /Public/images/restaurantLogo/2018-07-10/5b445e35c4a8a.png
INFO: [ app_init ] --START--
INFO: Run Behavior\BuildLiteBehavior [ RunTime:0.000013s ]
INFO: [ app_init ] --END-- [ RunTime:0.000353s ]
ERR: 无法加载模块:Public

[ 2018-07-23T17:03:01+08:00 ] 116.23.19.200 /Public/images/restaurantLogo/2018-07-23/5b5599c51110e.png
INFO: [ app_init ] --START--
INFO: Run Behavior\BuildLiteBehavior [ RunTime:0.000030s ]
INFO: [ app_init ] --END-- [ RunTime:0.000465s ]
ERR: 无法加载模块:Public

[ 2018-07-23T17:03:06+08:00 ] 116.23.19.200 /favicon.ico
INFO: [ app_init ] --START--
INFO: Run Behavior\BuildLiteBehavior [ RunTime:0.000018s ]
INFO: [ app_init ] --END-- [ RunTime:0.000374s ]
ERR: 无法加载模块:Favicon

[ 2018-07-23T17:03:16+08:00 ] 116.23.19.200 /Public/images/restaurantLogo/2018-07-23/5b5599c51110e.png
INFO: [ app_init ] --START--
INFO: Run Behavior\BuildLiteBehavior [ RunTime:0.000019s ]
INFO: [ app_init ] --END-- [ RunTime:0.000367s ]
ERR: 无法加载模块:Public

[ 2018-07-23T17:03:16+08:00 ] 116.23.19.200 /Public/images/restaurantLogo/2018-07-23/5b5599d46cd8d.png
INFO: [ app_init ] --START--
INFO: Run Behavior\BuildLiteBehavior [ RunTime:0.000051s ]
INFO: [ app_init ] --END-- [ RunTime:0.000406s ]
ERR: 无法加载模块:Public

[ 2018-07-23T17:03:44+08:00 ] 116.23.19.200 /Public/js/skin/default/layer.css?v=3.0.11110
INFO: [ app_init ] --START--
INFO: Run Behavior\BuildLiteBehavior [ RunTime:0.000020s ]
INFO: [ app_init ] --END-- [ RunTime:0.000447s ]
ERR: 无法加载模块:Public

[ 2018-07-23T17:03:51+08:00 ] 116.23.19.200 /Application/Admin/Uploads/upfoodimg/5a1fa6487e02e.jpg
INFO: [ app_init ] --START--
INFO: Run Behavior\BuildLiteBehavior [ RunTime:0.000016s ]
INFO: [ app_init ] --END-- [ RunTime:0.000347s ]
ERR: 无法加载模块:Application

[ 2018-07-23T17:03:51+08:00 ] 116.23.19.200 /Application/Admin/Uploads/upfoodimg/5a1fa67dedeb7.jpg
INFO: [ app_init ] --START--
INFO: Run Behavior\BuildLiteBehavior [ RunTime:0.000017s ]
INFO: [ app_init ] --END-- [ RunTime:0.000356s ]
ERR: 无法加载模块:Application

[ 2018-07-23T17:03:51+08:00 ] 116.23.19.200 /Application/Admin/Uploads/upfoodimg/5a1fa6f45d7b6.jpg
INFO: [ app_init ] --START--
INFO: Run Behavior\BuildLiteBehavior [ RunTime:0.000016s ]
INFO: [ app_init ] --END-- [ RunTime:0.000326s ]
ERR: 无法加载模块:Application

[ 2018-07-23T17:03:57+08:00 ] 116.23.19.200 /Application/Admin/Uploads/
INFO: [ app_init ] --START--
INFO: Run Behavior\BuildLiteBehavior [ RunTime:0.000017s ]
INFO: [ app_init ] --END-- [ RunTime:0.000382s ]
ERR: 无法加载模块:Errpage

[ 2018-07-23T17:03:57+08:00 ] 116.23.19.200 /Application/Admin/Uploads/
INFO: [ app_init ] --START--
INFO: Run Behavior\BuildLiteBehavior [ RunTime:0.000019s ]
INFO: [ app_init ] --END-- [ RunTime:0.000341s ]
ERR: 无法加载模块:Errpage

[ 2018-07-23T17:12:02+08:00 ] 116.23.19.200 /Public/images/restaurantLogo/2018-07-23/5b5599c51110e.png
INFO: [ app_init ] --START--
INFO: Run Behavior\BuildLiteBehavior [ RunTime:0.000015s ]
INFO: [ app_init ] --END-- [ RunTime:0.000403s ]
ERR: 无法加载模块:Public

[ 2018-07-23T17:12:02+08:00 ] 116.23.19.200 /Public/images/restaurantLogo/2018-07-23/5b5599d46cd8d.png
INFO: [ app_init ] --START--
INFO: Run Behavior\BuildLiteBehavior [ RunTime:0.000013s ]
INFO: [ app_init ] --END-- [ RunTime:0.000315s ]
ERR: 无法加载模块:Public

[ 2018-07-23T17:15:35+08:00 ] 116.23.19.200 /Public/images/restaurantLogo/2018-07-10/5b445e24ebcc0.png
INFO: [ app_init ] --START--
INFO: Run Behavior\BuildLiteBehavior [ RunTime:0.000016s ]
INFO: [ app_init ] --END-- [ RunTime:0.000406s ]
ERR: 无法加载模块:Public

[ 2018-07-23T17:15:35+08:00 ] 116.23.19.200 /Public/images/restaurantLogo/2018-07-10/5b445e35c4a8a.png
INFO: [ app_init ] --START--
INFO: Run Behavior\BuildLiteBehavior [ RunTime:0.000018s ]
INFO: [ app_init ] --END-- [ RunTime:0.000338s ]
ERR: 无法加载模块:Public

[ 2018-07-23T17:18:32+08:00 ] 116.23.19.200 /Public/images/restaurantLogo/2018-07-23/5b5599d46cd8d.png
INFO: [ app_init ] --START--
INFO: Run Behavior\BuildLiteBehavior [ RunTime:0.000019s ]
INFO: [ app_init ] --END-- [ RunTime:0.000365s ]
ERR: 无法加载模块:Public

[ 2018-07-23T17:18:38+08:00 ] 116.23.19.200 /Public/images/restaurantLogo/2018-07-23/5b559cda50dbd.png
INFO: [ app_init ] --START--
INFO: Run Behavior\BuildLiteBehavior [ RunTime:0.000017s ]
INFO: [ app_init ] --END-- [ RunTime:0.000357s ]
ERR: 无法加载模块:Public

[ 2018-07-23T17:19:24+08:00 ] 116.23.19.200 /Public/images/restaurantLogo/2018-07-23/5b559cda50dbd.png
INFO: [ app_init ] --START--
INFO: Run Behavior\BuildLiteBehavior [ RunTime:0.000021s ]
INFO: [ app_init ] --END-- [ RunTime:0.000516s ]
ERR: 无法加载模块:Public

[ 2018-07-23T17:19:27+08:00 ] 116.23.19.200 /Public/images/restaurantLogo/2018-07-23/5b559cda50dbd.png
INFO: [ app_init ] --START--
INFO: Run Behavior\BuildLiteBehavior [ RunTime:0.000016s ]
INFO: [ app_init ] --END-- [ RunTime:0.000383s ]
ERR: 无法加载模块:Public

[ 2018-07-23T22:46:19+08:00 ] 61.144.146.129 /Public/images/restaurantLogo/2018-07-10/5b445e24ebcc0.png
INFO: [ app_init ] --START--
INFO: Run Behavior\BuildLiteBehavior [ RunTime:0.000025s ]
INFO: [ app_init ] --END-- [ RunTime:0.000390s ]
ERR: 无法加载模块:Public

[ 2018-07-23T22:46:19+08:00 ] 61.144.146.129 /Public/images/restaurantLogo/2018-07-10/5b445e35c4a8a.png
INFO: [ app_init ] --START--
INFO: Run Behavior\BuildLiteBehavior [ RunTime:0.000025s ]
INFO: [ app_init ] --END-- [ RunTime:0.000550s ]
ERR: 无法加载模块:Public

