[ 2018-07-24T09:02:18+08:00 ] 116.23.19.200 /favicon.ico
INFO: [ app_init ] --START--
INFO: Run Behavior\BuildLiteBehavior [ RunTime:0.000029s ]
INFO: [ app_init ] --END-- [ RunTime:0.000431s ]
ERR: 无法加载模块:Favicon

[ 2018-07-24T09:20:18+08:00 ] 116.23.19.200 /Public/images/restaurantLogo/2018-07-10/5b445e35c4a8a.png
INFO: [ app_init ] --START--
INFO: Run Behavior\BuildLiteBehavior [ RunTime:0.000017s ]
INFO: [ app_init ] --END-- [ RunTime:0.000394s ]
ERR: 无法加载模块:Public

[ 2018-07-24T09:20:18+08:00 ] 116.23.19.200 /Public/images/restaurantLogo/2018-07-10/5b445e24ebcc0.png
INFO: [ app_init ] --START--
INFO: Run Behavior\BuildLiteBehavior [ RunTime:0.000014s ]
INFO: [ app_init ] --END-- [ RunTime:0.000314s ]
ERR: 无法加载模块:Public

[ 2018-07-24T09:34:22+08:00 ] 116.23.19.200 /Public/images/restaurantLogo/2018-07-10/5b445e24ebcc0.png
INFO: [ app_init ] --START--
INFO: Run Behavior\BuildLiteBehavior [ RunTime:0.000018s ]
INFO: [ app_init ] --END-- [ RunTime:0.000466s ]
ERR: 无法加载模块:Public

[ 2018-07-24T09:34:22+08:00 ] 116.23.19.200 /Public/images/restaurantLogo/2018-07-10/5b445e35c4a8a.png
INFO: [ app_init ] --START--
INFO: Run Behavior\BuildLiteBehavior [ RunTime:0.000022s ]
INFO: [ app_init ] --END-- [ RunTime:0.000362s ]
ERR: 无法加载模块:Public

[ 2018-07-24T09:34:42+08:00 ] 116.23.19.200 /Public/images/restaurantLogo/2018-07-10/5b445e35c4a8a.png
INFO: [ app_init ] --START--
INFO: Run Behavior\BuildLiteBehavior [ RunTime:0.000027s ]
INFO: [ app_init ] --END-- [ RunTime:0.000488s ]
ERR: 无法加载模块:Public

[ 2018-07-24T09:34:42+08:00 ] 116.23.19.200 /Public/images/restaurantLogo/2018-07-10/5b445e24ebcc0.png
INFO: [ app_init ] --START--
INFO: Run Behavior\BuildLiteBehavior [ RunTime:0.000029s ]
INFO: [ app_init ] --END-- [ RunTime:0.000489s ]
ERR: 无法加载模块:Public

[ 2018-07-24T09:51:23+08:00 ] 116.23.19.200 /Public/images/restaurantLogo/2018-07-10/5b445e24ebcc0.png
INFO: [ app_init ] --START--
INFO: Run Behavior\BuildLiteBehavior [ RunTime:0.000028s ]
INFO: [ app_init ] --END-- [ RunTime:0.000454s ]
ERR: 无法加载模块:Public

[ 2018-07-24T09:51:23+08:00 ] 116.23.19.200 /Public/images/restaurantLogo/2018-07-10/5b445e35c4a8a.png
INFO: [ app_init ] --START--
INFO: Run Behavior\BuildLiteBehavior [ RunTime:0.000042s ]
INFO: [ app_init ] --END-- [ RunTime:0.000358s ]
ERR: 无法加载模块:Public

[ 2018-07-24T09:53:12+08:00 ] 116.23.19.200 /favicon.ico
INFO: [ app_init ] --START--
INFO: Run Behavior\BuildLiteBehavior [ RunTime:0.000027s ]
INFO: [ app_init ] --END-- [ RunTime:0.000568s ]
ERR: 无法加载模块:Favicon

[ 2018-07-24T09:57:16+08:00 ] 116.23.19.200 /favicon.ico
INFO: [ app_init ] --START--
INFO: Run Behavior\BuildLiteBehavior [ RunTime:0.000015s ]
INFO: [ app_init ] --END-- [ RunTime:0.000334s ]
ERR: 无法加载模块:Favicon

[ 2018-07-24T09:59:04+08:00 ] 116.23.19.200 /Public/images/restaurantLogo/2018-07-10/5b445e24ebcc0.png
INFO: [ app_init ] --START--
INFO: Run Behavior\BuildLiteBehavior [ RunTime:0.000031s ]
INFO: [ app_init ] --END-- [ RunTime:0.000402s ]
ERR: 无法加载模块:Public

[ 2018-07-24T09:59:04+08:00 ] 116.23.19.200 /Public/images/restaurantLogo/2018-07-10/5b445e35c4a8a.png
INFO: [ app_init ] --START--
INFO: Run Behavior\BuildLiteBehavior [ RunTime:0.000019s ]
INFO: [ app_init ] --END-- [ RunTime:0.000392s ]
ERR: 无法加载模块:Public

[ 2018-07-24T09:59:05+08:00 ] 116.23.19.200 /Public/images/restaurantLogo/2018-07-10/5b445e24ebcc0.png
INFO: [ app_init ] --START--
INFO: Run Behavior\BuildLiteBehavior [ RunTime:0.000022s ]
INFO: [ app_init ] --END-- [ RunTime:0.000476s ]
ERR: 无法加载模块:Public

[ 2018-07-24T09:59:05+08:00 ] 116.23.19.200 /Public/images/restaurantLogo/2018-07-10/5b445e35c4a8a.png
INFO: [ app_init ] --START--
INFO: Run Behavior\BuildLiteBehavior [ RunTime:0.000013s ]
INFO: [ app_init ] --END-- [ RunTime:0.000304s ]
ERR: 无法加载模块:Public

[ 2018-07-24T09:59:05+08:00 ] 116.23.19.200 /Public/js/skin/default/layer.css?v=3.0.11110
INFO: [ app_init ] --START--
INFO: Run Behavior\BuildLiteBehavior [ RunTime:0.000018s ]
INFO: [ app_init ] --END-- [ RunTime:0.000797s ]
ERR: 无法加载模块:Public

[ 2018-07-24T09:59:12+08:00 ] 101.226.86.155 /Public/js/skin/default/layer.css?v=3.0.11110
INFO: [ app_init ] --START--
INFO: Run Behavior\BuildLiteBehavior [ RunTime:0.000016s ]
INFO: [ app_init ] --END-- [ RunTime:0.000496s ]
ERR: 无法加载模块:Public

[ 2018-07-24T09:59:29+08:00 ] 116.23.19.200 /Application/Admin/Uploads/
INFO: [ app_init ] --START--
INFO: Run Behavior\BuildLiteBehavior [ RunTime:0.000020s ]
INFO: [ app_init ] --END-- [ RunTime:0.000544s ]
ERR: 无法加载模块:Errpage

[ 2018-07-24T09:59:29+08:00 ] 116.23.19.200 /Application/Admin/Uploads/
INFO: [ app_init ] --START--
INFO: Run Behavior\BuildLiteBehavior [ RunTime:0.000016s ]
INFO: [ app_init ] --END-- [ RunTime:0.000349s ]
ERR: 无法加载模块:Errpage

[ 2018-07-24T10:05:38+08:00 ] 116.23.19.200 /Application/Admin/Uploads/
INFO: [ app_init ] --START--
INFO: Run Behavior\BuildLiteBehavior [ RunTime:0.000034s ]
INFO: [ app_init ] --END-- [ RunTime:0.000407s ]
ERR: 无法加载模块:Errpage

[ 2018-07-24T10:05:38+08:00 ] 116.23.19.200 /Application/Admin/Uploads/
INFO: [ app_init ] --START--
INFO: Run Behavior\BuildLiteBehavior [ RunTime:0.000022s ]
INFO: [ app_init ] --END-- [ RunTime:0.000522s ]
ERR: 无法加载模块:Errpage

[ 2018-07-24T10:07:07+08:00 ] 116.23.19.200 /Application/Admin/Uploads/
INFO: [ app_init ] --START--
INFO: Run Behavior\BuildLiteBehavior [ RunTime:0.000025s ]
INFO: [ app_init ] --END-- [ RunTime:0.000476s ]
ERR: 无法加载模块:Errpage

[ 2018-07-24T10:07:07+08:00 ] 116.23.19.200 /Application/Admin/Uploads/
INFO: [ app_init ] --START--
INFO: Run Behavior\BuildLiteBehavior [ RunTime:0.000025s ]
INFO: [ app_init ] --END-- [ RunTime:0.000586s ]
ERR: 无法加载模块:Errpage

[ 2018-07-24T10:07:37+08:00 ] 116.23.19.200 /Application/Admin/Uploads/
INFO: [ app_init ] --START--
INFO: Run Behavior\BuildLiteBehavior [ RunTime:0.000018s ]
INFO: [ app_init ] --END-- [ RunTime:0.000439s ]
ERR: 无法加载模块:Errpage

[ 2018-07-24T10:07:37+08:00 ] 116.23.19.200 /Application/Admin/Uploads/
INFO: [ app_init ] --START--
INFO: Run Behavior\BuildLiteBehavior [ RunTime:0.000021s ]
INFO: [ app_init ] --END-- [ RunTime:0.000616s ]
ERR: 无法加载模块:Errpage

[ 2018-07-24T10:08:54+08:00 ] 116.23.19.200 /Public/images/restaurantLogo/2017-12-25/5a40b07945f54.jpg
INFO: [ app_init ] --START--
INFO: Run Behavior\BuildLiteBehavior [ RunTime:0.000017s ]
INFO: [ app_init ] --END-- [ RunTime:0.000355s ]
ERR: 无法加载模块:Public

[ 2018-07-24T10:08:54+08:00 ] 116.23.19.200 /Public/images/restaurantLogo/2017-12-25/5a40b036e7c5e.jpg
INFO: [ app_init ] --START--
INFO: Run Behavior\BuildLiteBehavior [ RunTime:0.000014s ]
INFO: [ app_init ] --END-- [ RunTime:0.000369s ]
ERR: 无法加载模块:Public

[ 2018-07-24T10:09:26+08:00 ] 116.23.19.200 /Application/Admin/Uploads/
INFO: [ app_init ] --START--
INFO: Run Behavior\BuildLiteBehavior [ RunTime:0.000017s ]
INFO: [ app_init ] --END-- [ RunTime:0.000394s ]
ERR: 无法加载模块:Errpage

[ 2018-07-24T10:09:27+08:00 ] 116.23.19.200 /Application/Admin/Uploads/
INFO: [ app_init ] --START--
INFO: Run Behavior\BuildLiteBehavior [ RunTime:0.000017s ]
INFO: [ app_init ] --END-- [ RunTime:0.000331s ]
ERR: 无法加载模块:Errpage

[ 2018-07-24T11:27:53+08:00 ] 116.23.19.200 /Public/images/restaurantLogo/2018-07-10/5b445e35c4a8a.png
INFO: [ app_init ] --START--
INFO: Run Behavior\BuildLiteBehavior [ RunTime:0.000015s ]
INFO: [ app_init ] --END-- [ RunTime:0.000352s ]
ERR: 无法加载模块:Public

[ 2018-07-24T11:27:53+08:00 ] 116.23.19.200 /Public/images/restaurantLogo/2018-07-10/5b445e24ebcc0.png
INFO: [ app_init ] --START--
INFO: Run Behavior\BuildLiteBehavior [ RunTime:0.000028s ]
INFO: [ app_init ] --END-- [ RunTime:0.000579s ]
ERR: 无法加载模块:Public

[ 2018-07-24T11:27:59+08:00 ] 116.23.19.200 /Public/images/restaurantLogo/2018-07-10/5b445e24ebcc0.png
INFO: [ app_init ] --START--
INFO: Run Behavior\BuildLiteBehavior [ RunTime:0.000021s ]
INFO: [ app_init ] --END-- [ RunTime:0.000438s ]
ERR: 无法加载模块:Public

[ 2018-07-24T11:27:59+08:00 ] 116.23.19.200 /Public/images/restaurantLogo/2018-07-10/5b445e35c4a8a.png
INFO: [ app_init ] --START--
INFO: Run Behavior\BuildLiteBehavior [ RunTime:0.000036s ]
INFO: [ app_init ] --END-- [ RunTime:0.000775s ]
ERR: 无法加载模块:Public

[ 2018-07-24T11:28:00+08:00 ] 116.23.19.200 /Public/images/restaurantLogo/2018-07-10/5b445e24ebcc0.png
INFO: [ app_init ] --START--
INFO: Run Behavior\BuildLiteBehavior [ RunTime:0.000018s ]
INFO: [ app_init ] --END-- [ RunTime:0.000369s ]
ERR: 无法加载模块:Public

[ 2018-07-24T11:28:00+08:00 ] 116.23.19.200 /Public/images/restaurantLogo/2018-07-10/5b445e35c4a8a.png
INFO: [ app_init ] --START--
INFO: Run Behavior\BuildLiteBehavior [ RunTime:0.000020s ]
INFO: [ app_init ] --END-- [ RunTime:0.000422s ]
ERR: 无法加载模块:Public

[ 2018-07-24T11:28:03+08:00 ] 116.23.19.200 /Public/images/restaurantLogo/2018-07-10/5b445e24ebcc0.png
INFO: [ app_init ] --START--
INFO: Run Behavior\BuildLiteBehavior [ RunTime:0.000027s ]
INFO: [ app_init ] --END-- [ RunTime:0.000485s ]
ERR: 无法加载模块:Public

[ 2018-07-24T11:28:03+08:00 ] 116.23.19.200 /Public/images/restaurantLogo/2018-07-10/5b445e35c4a8a.png
INFO: [ app_init ] --START--
INFO: Run Behavior\BuildLiteBehavior [ RunTime:0.000015s ]
INFO: [ app_init ] --END-- [ RunTime:0.000344s ]
ERR: 无法加载模块:Public

[ 2018-07-24T14:21:54+08:00 ] 116.23.19.200 /Public/images/restaurantLogo/2018-07-10/5b445e35c4a8a.png
INFO: [ app_init ] --START--
INFO: Run Behavior\BuildLiteBehavior [ RunTime:0.000019s ]
INFO: [ app_init ] --END-- [ RunTime:0.000427s ]
ERR: 无法加载模块:Public

[ 2018-07-24T14:21:54+08:00 ] 116.23.19.200 /Public/images/restaurantLogo/2018-07-10/5b445e24ebcc0.png
INFO: [ app_init ] --START--
INFO: Run Behavior\BuildLiteBehavior [ RunTime:0.000024s ]
INFO: [ app_init ] --END-- [ RunTime:0.000590s ]
ERR: 无法加载模块:Public

[ 2018-07-24T14:21:56+08:00 ] 116.23.19.200 /Public/images/restaurantLogo/2018-07-10/5b445e24ebcc0.png
INFO: [ app_init ] --START--
INFO: Run Behavior\BuildLiteBehavior [ RunTime:0.000017s ]
INFO: [ app_init ] --END-- [ RunTime:0.000409s ]
ERR: 无法加载模块:Public

[ 2018-07-24T14:21:56+08:00 ] 116.23.19.200 /Public/images/restaurantLogo/2018-07-10/5b445e35c4a8a.png
INFO: [ app_init ] --START--
INFO: Run Behavior\BuildLiteBehavior [ RunTime:0.000013s ]
INFO: [ app_init ] --END-- [ RunTime:0.000463s ]
ERR: 无法加载模块:Public

[ 2018-07-24T14:47:23+08:00 ] 116.23.19.200 /Public/images/restaurantLogo/2018-07-10/5b445e24ebcc0.png
INFO: [ app_init ] --START--
INFO: Run Behavior\BuildLiteBehavior [ RunTime:0.000019s ]
INFO: [ app_init ] --END-- [ RunTime:0.000404s ]
ERR: 无法加载模块:Public

[ 2018-07-24T14:47:23+08:00 ] 116.23.19.200 /Public/images/restaurantLogo/2018-07-10/5b445e35c4a8a.png
INFO: [ app_init ] --START--
INFO: Run Behavior\BuildLiteBehavior [ RunTime:0.000018s ]
INFO: [ app_init ] --END-- [ RunTime:0.000402s ]
ERR: 无法加载模块:Public

[ 2018-07-24T14:47:30+08:00 ] 116.23.19.200 /Public/images/restaurantLogo/2018-07-10/5b445e24ebcc0.png
INFO: [ app_init ] --START--
INFO: Run Behavior\BuildLiteBehavior [ RunTime:0.000016s ]
INFO: [ app_init ] --END-- [ RunTime:0.000364s ]
ERR: 无法加载模块:Public

[ 2018-07-24T14:47:30+08:00 ] 116.23.19.200 /Public/images/restaurantLogo/2018-07-10/5b445e35c4a8a.png
INFO: [ app_init ] --START--
INFO: Run Behavior\BuildLiteBehavior [ RunTime:0.000015s ]
INFO: [ app_init ] --END-- [ RunTime:0.000393s ]
ERR: 无法加载模块:Public

[ 2018-07-24T14:47:30+08:00 ] 116.23.19.200 /Public/images/restaurantLogo/2018-07-10/5b445e24ebcc0.png
INFO: [ app_init ] --START--
INFO: Run Behavior\BuildLiteBehavior [ RunTime:0.000016s ]
INFO: [ app_init ] --END-- [ RunTime:0.000403s ]
ERR: 无法加载模块:Public

[ 2018-07-24T18:07:23+08:00 ] 116.23.19.200 /favicon.ico
INFO: [ app_init ] --START--
INFO: Run Behavior\BuildLiteBehavior [ RunTime:0.000016s ]
INFO: [ app_init ] --END-- [ RunTime:0.000354s ]
ERR: 无法加载模块:Favicon

[ 2018-07-24T19:00:31+08:00 ] 116.23.19.200 /Public/images/restaurantLogo/2017-12-25/5a40b07945f54.jpg
INFO: [ app_init ] --START--
INFO: Run Behavior\BuildLiteBehavior [ RunTime:0.000018s ]
INFO: [ app_init ] --END-- [ RunTime:0.000365s ]
ERR: 无法加载模块:Public

[ 2018-07-24T19:00:31+08:00 ] 116.23.19.200 /Public/images/restaurantLogo/2017-12-25/5a40b036e7c5e.jpg
INFO: [ app_init ] --START--
INFO: Run Behavior\BuildLiteBehavior [ RunTime:0.000031s ]
INFO: [ app_init ] --END-- [ RunTime:0.001153s ]
ERR: 无法加载模块:Public

