[ 2018-07-25T14:15:12+08:00 ] 116.23.19.200 /Public/images/restaurantLogo/2017-12-25/5a40b07945f54.jpg
INFO: [ app_init ] --START--
INFO: Run Behavior\BuildLiteBehavior [ RunTime:0.000018s ]
INFO: [ app_init ] --END-- [ RunTime:0.000370s ]
ERR: 无法加载模块:Public

[ 2018-07-25T14:15:12+08:00 ] 116.23.19.200 /Public/images/restaurantLogo/2017-12-25/5a40b036e7c5e.jpg
INFO: [ app_init ] --START--
INFO: Run Behavior\BuildLiteBehavior [ RunTime:0.000019s ]
INFO: [ app_init ] --END-- [ RunTime:0.000346s ]
ERR: 无法加载模块:Public

[ 2018-07-25T14:19:29+08:00 ] 116.23.19.200 /Public/images/restaurantLogo/2017-12-25/5a40b07945f54.jpg
INFO: [ app_init ] --START--
INFO: Run Behavior\BuildLiteBehavior [ RunTime:0.000014s ]
INFO: [ app_init ] --END-- [ RunTime:0.000313s ]
ERR: 无法加载模块:Public

[ 2018-07-25T14:19:29+08:00 ] 116.23.19.200 /Public/images/restaurantLogo/2017-12-25/5a40b036e7c5e.jpg
INFO: [ app_init ] --START--
INFO: Run Behavior\BuildLiteBehavior [ RunTime:0.000013s ]
INFO: [ app_init ] --END-- [ RunTime:0.000309s ]
ERR: 无法加载模块:Public

[ 2018-07-25T14:19:30+08:00 ] 116.23.19.200 /Public/images/restaurantLogo/2017-12-25/5a40b07945f54.jpg
INFO: [ app_init ] --START--
INFO: Run Behavior\BuildLiteBehavior [ RunTime:0.000019s ]
INFO: [ app_init ] --END-- [ RunTime:0.000347s ]
ERR: 无法加载模块:Public

[ 2018-07-25T14:19:30+08:00 ] 116.23.19.200 /Public/images/restaurantLogo/2017-12-25/5a40b036e7c5e.jpg
INFO: [ app_init ] --START--
INFO: Run Behavior\BuildLiteBehavior [ RunTime:0.000020s ]
INFO: [ app_init ] --END-- [ RunTime:0.000340s ]
ERR: 无法加载模块:Public

[ 2018-07-25T14:41:35+08:00 ] 116.23.19.200 /Public/images/restaurantLogo/2017-12-25/5a40b036e7c5e.jpg
INFO: [ app_init ] --START--
INFO: Run Behavior\BuildLiteBehavior [ RunTime:0.000022s ]
INFO: [ app_init ] --END-- [ RunTime:0.000529s ]
ERR: 无法加载模块:Public

[ 2018-07-25T14:41:35+08:00 ] 116.23.19.200 /Public/images/restaurantLogo/2017-12-25/5a40b07945f54.jpg
INFO: [ app_init ] --START--
INFO: Run Behavior\BuildLiteBehavior [ RunTime:0.000021s ]
INFO: [ app_init ] --END-- [ RunTime:0.000605s ]
ERR: 无法加载模块:Public

[ 2018-07-25T15:12:52+08:00 ] 219.137.207.135 /favicon.ico
INFO: [ app_init ] --START--
INFO: Run Behavior\BuildLiteBehavior [ RunTime:0.000015s ]
INFO: [ app_init ] --END-- [ RunTime:0.000327s ]
ERR: 无法加载模块:Favicon

[ 2018-07-25T15:13:00+08:00 ] 219.137.207.135 /Application/Admin/Uploads/upfoodimg/5a1fa5b911f2e.jpg
INFO: [ app_init ] --START--
INFO: Run Behavior\BuildLiteBehavior [ RunTime:0.000018s ]
INFO: [ app_init ] --END-- [ RunTime:0.000434s ]
ERR: 无法加载模块:Application

[ 2018-07-25T15:13:00+08:00 ] 219.137.207.135 /Public/images/defaultFoodCate1.png
INFO: [ app_init ] --START--
INFO: Run Behavior\BuildLiteBehavior [ RunTime:0.000017s ]
INFO: [ app_init ] --END-- [ RunTime:0.000357s ]
ERR: 无法加载模块:Public

[ 2018-07-25T15:16:41+08:00 ] 219.137.207.135 /Application/Admin/Uploads/
INFO: [ app_init ] --START--
INFO: Run Behavior\BuildLiteBehavior [ RunTime:0.000022s ]
INFO: [ app_init ] --END-- [ RunTime:0.000455s ]
ERR: 无法加载模块:Errpage

[ 2018-07-25T15:16:41+08:00 ] 219.137.207.135 /Application/Admin/Uploads/upadvert_showNum/5a60688de67e3.jpg
INFO: [ app_init ] --START--
INFO: Run Behavior\BuildLiteBehavior [ RunTime:0.000018s ]
INFO: [ app_init ] --END-- [ RunTime:0.000407s ]
ERR: 无法加载模块:Application

[ 2018-07-25T15:16:41+08:00 ] 219.137.207.135 /Application/Admin/Uploads/upadvert_showNum/5a60687949a9a.jpg
INFO: [ app_init ] --START--
INFO: Run Behavior\BuildLiteBehavior [ RunTime:0.000013s ]
INFO: [ app_init ] --END-- [ RunTime:0.000464s ]
ERR: 无法加载模块:Application

[ 2018-07-25T15:16:41+08:00 ] 219.137.207.135 /Application/Admin/Uploads/upadvert_shu/5a618e357b6a6.jpg
INFO: [ app_init ] --START--
INFO: Run Behavior\BuildLiteBehavior [ RunTime:0.000024s ]
INFO: [ app_init ] --END-- [ RunTime:0.000414s ]
ERR: 无法加载模块:Application

[ 2018-07-25T15:16:41+08:00 ] 219.137.207.135 /Application/Admin/Uploads/upadvert_shu/5a618e2bb5aa5.jpg
INFO: [ app_init ] --START--
INFO: Run Behavior\BuildLiteBehavior [ RunTime:0.000016s ]
INFO: [ app_init ] --END-- [ RunTime:0.000452s ]
ERR: 无法加载模块:Application

[ 2018-07-25T15:16:41+08:00 ] 219.137.207.135 /Application/Admin/Uploads/upadvert_showNum/5a683c27ca489.png
INFO: [ app_init ] --START--
INFO: Run Behavior\BuildLiteBehavior [ RunTime:0.000025s ]
INFO: [ app_init ] --END-- [ RunTime:0.000591s ]
ERR: 无法加载模块:Application

[ 2018-07-25T15:16:41+08:00 ] 219.137.207.135 /Application/Admin/Uploads/upadvert_showNum/5a683c9fd76ba.jpg
INFO: [ app_init ] --START--
INFO: Run Behavior\BuildLiteBehavior [ RunTime:0.000018s ]
INFO: [ app_init ] --END-- [ RunTime:0.000333s ]
ERR: 无法加载模块:Application

[ 2018-07-25T15:16:41+08:00 ] 219.137.207.135 /Application/Admin/Uploads/upadvert_showNum/5a683c79013ee.jpg
INFO: [ app_init ] --START--
INFO: Run Behavior\BuildLiteBehavior [ RunTime:0.000019s ]
INFO: [ app_init ] --END-- [ RunTime:0.000370s ]
ERR: 无法加载模块:Application

[ 2018-07-25T15:16:41+08:00 ] 219.137.207.135 /Application/Admin/Uploads/upadvert_showNum/5a683cf20bd7a.jpg
INFO: [ app_init ] --START--
INFO: Run Behavior\BuildLiteBehavior [ RunTime:0.000017s ]
INFO: [ app_init ] --END-- [ RunTime:0.000488s ]
ERR: 无法加载模块:Application

[ 2018-07-25T15:16:41+08:00 ] 219.137.207.135 /Application/Admin/Uploads/upadvert_showNum/5a68474534c25.jpg
INFO: [ app_init ] --START--
INFO: Run Behavior\BuildLiteBehavior [ RunTime:0.000017s ]
INFO: [ app_init ] --END-- [ RunTime:0.000603s ]
ERR: 无法加载模块:Application

[ 2018-07-25T15:16:41+08:00 ] 219.137.207.135 /Application/Admin/Uploads/upadvert_showNum/5a683ce578ab8.jpg
INFO: [ app_init ] --START--
INFO: Run Behavior\BuildLiteBehavior [ RunTime:0.000046s ]
INFO: [ app_init ] --END-- [ RunTime:0.000429s ]
ERR: 无法加载模块:Application

[ 2018-07-25T15:16:41+08:00 ] 219.137.207.135 /Application/Admin/Uploads/upadvert_showNum/5a68474c02cfc.jpg
INFO: [ app_init ] --START--
INFO: Run Behavior\BuildLiteBehavior [ RunTime:0.000017s ]
INFO: [ app_init ] --END-- [ RunTime:0.000351s ]
ERR: 无法加载模块:Application

[ 2018-07-25T15:17:11+08:00 ] 219.137.207.135 /Application/Admin/Uploads/upfoodimg/5a1fa5b911f2e.jpg
INFO: [ app_init ] --START--
INFO: Run Behavior\BuildLiteBehavior [ RunTime:0.000018s ]
INFO: [ app_init ] --END-- [ RunTime:0.000358s ]
ERR: 无法加载模块:Application

[ 2018-07-25T15:17:11+08:00 ] 219.137.207.135 /Public/images/defaultFoodCate1.png
INFO: [ app_init ] --START--
INFO: Run Behavior\BuildLiteBehavior [ RunTime:0.000015s ]
INFO: [ app_init ] --END-- [ RunTime:0.000360s ]
ERR: 无法加载模块:Public

[ 2018-07-25T15:22:39+08:00 ] 219.137.207.135 /Application/Admin/Uploads/qrcode/2018-06-05/140623.png
INFO: [ app_init ] --START--
INFO: Run Behavior\BuildLiteBehavior [ RunTime:0.000021s ]
INFO: [ app_init ] --END-- [ RunTime:0.000522s ]
ERR: 无法加载模块:Application

[ 2018-07-25T15:22:39+08:00 ] 219.137.207.135 /Application/Admin/Uploads/qrcode/2018-03-07/175241.png
INFO: [ app_init ] --START--
INFO: Run Behavior\BuildLiteBehavior [ RunTime:0.000019s ]
INFO: [ app_init ] --END-- [ RunTime:0.000387s ]
ERR: 无法加载模块:Application

[ 2018-07-25T15:22:39+08:00 ] 219.137.207.135 /Application/Admin/Uploads/qrcode/2018-03-07/175219.png
INFO: [ app_init ] --START--
INFO: Run Behavior\BuildLiteBehavior [ RunTime:0.000017s ]
INFO: [ app_init ] --END-- [ RunTime:0.000374s ]
ERR: 无法加载模块:Application

[ 2018-07-25T15:22:39+08:00 ] 219.137.207.135 /Application/Admin/Uploads/qrcode/2018-03-07/175248.png
INFO: [ app_init ] --START--
INFO: Run Behavior\BuildLiteBehavior [ RunTime:0.000038s ]
INFO: [ app_init ] --END-- [ RunTime:0.000418s ]
ERR: 无法加载模块:Application

[ 2018-07-25T15:22:39+08:00 ] 219.137.207.135 /Application/Admin/Uploads/qrcode/2018-03-07/175233.png
INFO: [ app_init ] --START--
INFO: Run Behavior\BuildLiteBehavior [ RunTime:0.000019s ]
INFO: [ app_init ] --END-- [ RunTime:0.000461s ]
ERR: 无法加载模块:Application

[ 2018-07-25T15:22:39+08:00 ] 219.137.207.135 /Application/Admin/Uploads/qrcode/2018-03-07/175226.png
INFO: [ app_init ] --START--
INFO: Run Behavior\BuildLiteBehavior [ RunTime:0.000015s ]
INFO: [ app_init ] --END-- [ RunTime:0.000373s ]
ERR: 无法加载模块:Application

[ 2018-07-25T15:22:40+08:00 ] 219.137.207.135 /favicon.ico
INFO: [ app_init ] --START--
INFO: Run Behavior\BuildLiteBehavior [ RunTime:0.000022s ]
INFO: [ app_init ] --END-- [ RunTime:0.000503s ]
ERR: 无法加载模块:Favicon

[ 2018-07-25T15:22:42+08:00 ] 219.137.207.135 /Application/Admin/Uploads/qrcode/2018-03-07/175213.png
INFO: [ app_init ] --START--
INFO: Run Behavior\BuildLiteBehavior [ RunTime:0.000025s ]
INFO: [ app_init ] --END-- [ RunTime:0.000545s ]
ERR: 无法加载模块:Application

[ 2018-07-25T15:22:42+08:00 ] 219.137.207.135 /Application/Admin/Uploads/qrcode/2017-10-23/135349.png
INFO: [ app_init ] --START--
INFO: Run Behavior\BuildLiteBehavior [ RunTime:0.000021s ]
INFO: [ app_init ] --END-- [ RunTime:0.000503s ]
ERR: 无法加载模块:Application

[ 2018-07-25T15:22:42+08:00 ] 219.137.207.135 /Application/Admin/Uploads/qrcode/2017-10-23/135122.png
INFO: [ app_init ] --START--
INFO: Run Behavior\BuildLiteBehavior [ RunTime:0.000025s ]
INFO: [ app_init ] --END-- [ RunTime:0.000509s ]
ERR: 无法加载模块:Application

[ 2018-07-25T15:22:42+08:00 ] 219.137.207.135 /Application/Admin/Uploads/qrcode/2017-10-23/135846.png
INFO: [ app_init ] --START--
INFO: Run Behavior\BuildLiteBehavior [ RunTime:0.000019s ]
INFO: [ app_init ] --END-- [ RunTime:0.000486s ]
ERR: 无法加载模块:Application

[ 2018-07-25T15:22:42+08:00 ] 219.137.207.135 /Application/Admin/Uploads/qrcode/2017-10-24/094457.png
INFO: [ app_init ] --START--
INFO: Run Behavior\BuildLiteBehavior [ RunTime:0.000021s ]
INFO: [ app_init ] --END-- [ RunTime:0.000526s ]
ERR: 无法加载模块:Application

[ 2018-07-25T15:22:42+08:00 ] 219.137.207.135 /Application/Admin/Uploads/qrcode/2017-09-22/174009.png
INFO: [ app_init ] --START--
INFO: Run Behavior\BuildLiteBehavior [ RunTime:0.000020s ]
INFO: [ app_init ] --END-- [ RunTime:0.000491s ]
ERR: 无法加载模块:Application

[ 2018-07-25T15:22:44+08:00 ] 219.137.207.135 /Application/Admin/Uploads/qrcode/2018-03-07/175248.png
INFO: [ app_init ] --START--
INFO: Run Behavior\BuildLiteBehavior [ RunTime:0.000017s ]
INFO: [ app_init ] --END-- [ RunTime:0.000337s ]
ERR: 无法加载模块:Application

[ 2018-07-25T15:22:44+08:00 ] 219.137.207.135 /Application/Admin/Uploads/qrcode/2018-03-07/175241.png
INFO: [ app_init ] --START--
INFO: Run Behavior\BuildLiteBehavior [ RunTime:0.000014s ]
INFO: [ app_init ] --END-- [ RunTime:0.000404s ]
ERR: 无法加载模块:Application

[ 2018-07-25T15:22:44+08:00 ] 219.137.207.135 /Application/Admin/Uploads/qrcode/2018-03-07/175226.png
INFO: [ app_init ] --START--
INFO: Run Behavior\BuildLiteBehavior [ RunTime:0.000018s ]
INFO: [ app_init ] --END-- [ RunTime:0.000352s ]
ERR: 无法加载模块:Application

[ 2018-07-25T15:22:44+08:00 ] 219.137.207.135 /Application/Admin/Uploads/qrcode/2018-03-07/175219.png
INFO: [ app_init ] --START--
INFO: Run Behavior\BuildLiteBehavior [ RunTime:0.000014s ]
INFO: [ app_init ] --END-- [ RunTime:0.000330s ]
ERR: 无法加载模块:Application

[ 2018-07-25T15:22:44+08:00 ] 219.137.207.135 /Application/Admin/Uploads/qrcode/2018-06-05/140623.png
INFO: [ app_init ] --START--
INFO: Run Behavior\BuildLiteBehavior [ RunTime:0.000016s ]
INFO: [ app_init ] --END-- [ RunTime:0.000395s ]
ERR: 无法加载模块:Application

[ 2018-07-25T15:22:44+08:00 ] 219.137.207.135 /Application/Admin/Uploads/qrcode/2018-03-07/175233.png
INFO: [ app_init ] --START--
INFO: Run Behavior\BuildLiteBehavior [ RunTime:0.000016s ]
INFO: [ app_init ] --END-- [ RunTime:0.000444s ]
ERR: 无法加载模块:Application

